2023-04-09 21:28:01.487984 ---> running QED iter #0
2023-04-09 21:28:01.685823 ---> running cex validation iter #0
2023-04-09 21:28:02.510599 ---> finish iter #0
2023-04-09 21:28:02.510680 ---> running QED iter #1
2023-04-09 21:28:02.705825 ---> running cex validation iter #1
2023-04-09 21:28:03.546865 ---> finish iter #1
2023-04-09 21:28:03.546972 ---> running QED iter #2
2023-04-09 21:28:03.746168 ---> running cex validation iter #2
2023-04-09 21:28:06.575047 ---> finish iter #2
2023-04-09 21:28:06.575134 ---> running QED iter #3
2023-04-09 21:28:06.773068 ---> running cex validation iter #3
2023-04-09 21:28:09.079495 ---> finish iter #3
2023-04-09 21:28:09.079597 ---> running QED iter #4
2023-04-09 21:28:09.273883 ---> running cex validation iter #4
2023-04-09 21:28:10.656559 ---> finish iter #4
2023-04-09 21:28:10.656667 ---> running QED iter #5
2023-04-09 21:28:10.951604 ---> running cex validation iter #5
2023-04-09 21:28:11.213419 ---> finish iter #5
2023-04-09 21:28:11.213528 ---> running QED iter #6
2023-04-09 21:28:11.511253 ---> running cex validation iter #6
2023-04-09 21:28:12.122100 ---> finish iter #6
2023-04-09 21:28:12.122226 ---> running QED iter #7
2023-04-09 21:28:12.417190 ---> running cex validation iter #7
2023-04-09 21:28:13.635377 ---> finish iter #7
2023-04-09 21:28:13.635498 ---> running QED iter #8
2023-04-09 21:28:13.939850 ---> running cex validation iter #8
2023-04-09 21:28:14.752989 ---> finish iter #8
2023-04-09 21:28:14.753096 ---> running QED iter #9
2023-04-09 21:28:14.987331 ---> cexgen failed.
2023-04-09 21:29:34.767159 ---> running QED iter #9
2023-04-09 21:29:35.005425 ---> cexgen failed.
2023-04-09 21:43:54.320423 ---> running QED iter #0
2023-04-09 21:44:07.031874 ---> running QED iter #0
2023-04-09 21:44:07.229968 ---> running cex validation iter #0
2023-04-09 21:44:08.047840 ---> finish iter #0
2023-04-09 21:44:08.047938 ---> running QED iter #1
2023-04-09 21:44:08.244080 ---> running cex validation iter #1
2023-04-09 21:44:09.062109 ---> finish iter #1
2023-04-09 21:44:09.062214 ---> running QED iter #2
2023-04-09 21:44:09.259914 ---> running cex validation iter #2
2023-04-09 21:44:12.096410 ---> finish iter #2
2023-04-09 21:44:12.096528 ---> running QED iter #3
2023-04-09 21:44:12.292340 ---> running cex validation iter #3
2023-04-09 21:44:14.546487 ---> finish iter #3
2023-04-09 21:44:14.546603 ---> running QED iter #4
2023-04-09 21:44:14.741181 ---> running cex validation iter #4
2023-04-09 21:44:16.121608 ---> finish iter #4
2023-04-09 21:44:16.121725 ---> running QED iter #5
2023-04-09 21:44:16.411544 ---> running cex validation iter #5
2023-04-09 21:44:16.673876 ---> finish iter #5
2023-04-09 21:44:16.673987 ---> running QED iter #6
2023-04-09 21:44:16.971583 ---> running cex validation iter #6
2023-04-09 21:44:17.583850 ---> finish iter #6
2023-04-09 21:44:17.583958 ---> running QED iter #7
2023-04-09 21:44:17.876853 ---> running cex validation iter #7
2023-04-09 21:44:19.095390 ---> finish iter #7
2023-04-09 21:44:19.095491 ---> running QED iter #8
2023-04-09 21:44:19.399380 ---> running cex validation iter #8
2023-04-09 21:44:20.202029 ---> finish iter #8
2023-04-09 21:44:20.202129 ---> running QED iter #9
2023-04-09 21:44:20.508275 ---> running cex validation iter #9
2023-04-09 21:44:21.805658 ---> finish iter #9
2023-04-09 21:44:21.805759 ---> running QED iter #10
2023-04-09 21:44:22.109324 ---> running cex validation iter #10
2023-04-09 21:44:23.399294 ---> finish iter #10
2023-04-09 21:44:23.399402 ---> running QED iter #11
2023-04-09 21:44:23.698444 ---> running cex validation iter #11
2023-04-09 21:44:26.149863 ---> finish iter #11
2023-04-09 21:44:26.149963 ---> running QED iter #12
2023-04-09 21:44:26.477107 ---> running cex validation iter #12
2023-04-09 21:44:45.005781 ---> finish iter #12
2023-04-09 21:44:45.005921 ---> running QED iter #13
2023-04-09 21:44:45.334053 ---> running cex validation iter #13
2023-04-09 21:44:46.022564 ---> finish iter #13
2023-04-09 21:44:46.022685 ---> running QED iter #14
2023-04-09 21:44:46.364444 ---> running cex validation iter #14
2023-04-09 21:44:48.413632 ---> finish iter #14
2023-04-09 21:44:48.413735 ---> running QED iter #15
2023-04-09 21:44:48.726992 ---> running cex validation iter #15
2023-04-09 21:44:59.021362 ---> finish iter #15
2023-04-09 21:44:59.021476 ---> running QED iter #16
2023-04-09 21:44:59.329096 ---> running cex validation iter #16
2023-04-09 21:45:01.124608 ---> finish iter #16
2023-04-09 21:45:01.124723 ---> running QED iter #17
2023-04-09 21:45:01.453499 ---> running cex validation iter #17
2023-04-09 21:45:04.581647 ---> finish iter #17
2023-04-09 21:45:04.581772 ---> running QED iter #18
2023-04-09 21:45:04.912594 ---> running cex validation iter #18
2023-04-09 21:45:09.538627 ---> finish iter #18
2023-04-09 21:45:09.538745 ---> running QED iter #19
2023-04-09 21:45:09.887286 ---> running cex validation iter #19
2023-04-09 21:45:12.400051 ---> finish iter #19
2023-04-09 21:45:12.400166 ---> running QED iter #20
2023-04-09 21:45:12.747617 ---> running cex validation iter #20
2023-04-09 21:45:19.719438 ---> finish iter #20
2023-04-09 21:45:19.719563 ---> running QED iter #21
2023-04-09 21:45:20.084825 ---> running cex validation iter #21
2023-04-09 21:46:19.810107 ---> finish iter #21
2023-04-09 21:46:19.810186 ---> running QED iter #22
2023-04-09 21:46:20.264782 ---> running cex validation iter #22
2023-04-09 21:46:23.483386 ---> finish iter #22
2023-04-09 21:46:23.483484 ---> running QED iter #23
2023-04-09 21:46:23.979194 ---> running cex validation iter #23
2023-04-09 21:46:27.138134 ---> finish iter #23
2023-04-09 21:46:27.138252 ---> running QED iter #24
2023-04-09 21:46:27.601303 ---> running cex validation iter #24
2023-04-09 21:46:30.470954 ---> finish iter #24
2023-04-09 21:46:30.471067 ---> running QED iter #25
2023-04-09 21:46:30.928434 ---> running cex validation iter #25
2023-04-09 21:51:30.615248 ---> running QED iter #0
2023-04-09 21:51:31.192804 ---> running cex validation iter #0
2023-04-09 21:51:32.030573 ---> finish iter #0
2023-04-09 21:51:32.030683 ---> running QED iter #1
2023-04-09 21:51:32.620614 ---> running cex validation iter #1
2023-04-09 21:51:33.470282 ---> finish iter #1
2023-04-09 21:51:33.470385 ---> running QED iter #2
2023-04-09 21:51:34.053037 ---> running cex validation iter #2
2023-04-09 21:51:36.932339 ---> finish iter #2
2023-04-09 21:51:36.932456 ---> running QED iter #3
2023-04-09 21:51:37.518117 ---> running cex validation iter #3
2023-04-09 21:51:39.829453 ---> finish iter #3
2023-04-09 21:51:39.829560 ---> running QED iter #4
2023-04-09 21:51:40.419324 ---> running cex validation iter #4
2023-04-09 21:51:41.841128 ---> finish iter #4
2023-04-09 21:51:41.841253 ---> running QED iter #5
2023-04-09 21:51:42.855788 ---> running cex validation iter #5
2023-04-09 21:51:43.140116 ---> finish iter #5
2023-04-09 21:51:43.140226 ---> running QED iter #6
2023-04-09 21:51:44.157385 ---> running cex validation iter #6
2023-04-09 21:51:44.795017 ---> finish iter #6
2023-04-09 21:51:44.795126 ---> running QED iter #7
2023-04-09 21:51:45.805356 ---> running cex validation iter #7
2023-04-09 21:51:47.037960 ---> finish iter #7
2023-04-09 21:51:47.038075 ---> running QED iter #8
2023-04-09 21:51:48.069063 ---> running cex validation iter #8
2023-04-09 21:51:48.908585 ---> finish iter #8
2023-04-09 21:51:48.908686 ---> running QED iter #9
2023-04-09 21:51:49.936640 ---> running cex validation iter #9
2023-04-09 21:51:51.282004 ---> finish iter #9
2023-04-09 21:51:51.282111 ---> running QED iter #10
2023-04-09 21:51:52.318485 ---> running cex validation iter #10
2023-04-09 21:51:53.638854 ---> finish iter #10
2023-04-09 21:51:53.638962 ---> running QED iter #11
2023-04-09 21:51:54.680214 ---> running cex validation iter #11
2023-04-09 21:51:57.159306 ---> finish iter #11
2023-04-09 21:51:57.159410 ---> running QED iter #12
2023-04-09 21:51:58.257684 ---> running cex validation iter #12
2023-04-09 21:52:18.157861 ---> finish iter #12
2023-04-09 21:52:18.158017 ---> running QED iter #13
2023-04-09 21:52:19.400855 ---> running cex validation iter #13
2023-04-09 21:52:20.125890 ---> finish iter #13
2023-04-09 21:52:20.125974 ---> running QED iter #14
2023-04-09 21:52:21.359465 ---> running cex validation iter #14
2023-04-09 21:52:23.528000 ---> finish iter #14
2023-04-09 21:52:23.528121 ---> running QED iter #15
2023-04-09 21:52:24.723994 ---> running cex validation iter #15
2023-04-09 21:52:37.173887 ---> finish iter #15
2023-04-09 21:52:37.174011 ---> running QED iter #16
2023-04-09 21:52:38.243522 ---> running cex validation iter #16
2023-04-09 21:52:40.710435 ---> finish iter #16
2023-04-09 21:52:40.710638 ---> running QED iter #17
2023-04-09 21:52:41.883577 ---> running cex validation iter #17
2023-04-09 21:52:45.363725 ---> finish iter #17
2023-04-09 21:52:45.363855 ---> running QED iter #18
2023-04-09 21:52:46.486254 ---> running cex validation iter #18
2023-04-09 21:52:51.179656 ---> finish iter #18
2023-04-09 21:52:51.179784 ---> running QED iter #19
2023-04-09 21:52:52.309729 ---> running cex validation iter #19
2023-04-09 21:52:54.843835 ---> finish iter #19
2023-04-09 21:52:54.843960 ---> running QED iter #20
2023-04-09 21:52:56.140125 ---> running cex validation iter #20
2023-04-09 21:53:05.173653 ---> finish iter #20
2023-04-09 21:53:05.173781 ---> running QED iter #21
2023-04-09 21:53:06.356658 ---> running cex validation iter #21
2023-04-09 21:54:14.262348 ---> finish iter #21
2023-04-09 21:54:14.262499 ---> running QED iter #22
2023-04-09 21:54:15.565655 ---> running cex validation iter #22
2023-04-09 21:54:18.708195 ---> finish iter #22
2023-04-09 21:54:18.708275 ---> running QED iter #23
2023-04-09 21:54:20.021461 ---> running cex validation iter #23
2023-04-09 21:54:23.109081 ---> finish iter #23
2023-04-09 21:54:23.109194 ---> running QED iter #24
2023-04-09 21:54:24.417609 ---> running cex validation iter #24
2023-04-09 21:54:27.230977 ---> finish iter #24
2023-04-09 21:54:27.231065 ---> running QED iter #25
2023-04-09 21:54:28.544308 ---> running cex validation iter #25
2023-04-09 21:54:41.942203 ---> finish iter #25
2023-04-09 21:54:41.942296 ---> running QED iter #26
2023-04-09 21:54:43.337509 ---> running cex validation iter #26
2023-04-09 21:54:51.705110 ---> finish iter #26
2023-04-09 21:54:51.705256 ---> running QED iter #27
2023-04-09 21:54:53.140744 ---> running cex validation iter #27
2023-04-09 21:54:55.552261 ---> finish iter #27
2023-04-09 21:54:55.552374 ---> running QED iter #28
2023-04-09 21:54:56.969959 ---> running cex validation iter #28
2023-04-09 21:55:00.267782 ---> finish iter #28
2023-04-09 21:55:00.267863 ---> running QED iter #29
2023-04-09 21:55:01.665128 ---> running cex validation iter #29
2023-04-09 21:55:02.605411 ---> finish iter #29
2023-04-09 21:55:02.605542 ---> running QED iter #30
2023-04-09 21:55:03.955844 ---> running cex validation iter #30
2023-04-09 21:55:12.043513 ---> finish iter #30
2023-04-09 21:55:12.043644 ---> running QED iter #31
2023-04-09 21:55:13.399216 ---> running cex validation iter #31
2023-04-09 21:55:19.929360 ---> finish iter #31
2023-04-09 21:55:19.929488 ---> running QED iter #32
2023-04-09 21:55:21.332398 ---> running cex validation iter #32
2023-04-09 21:55:24.963181 ---> finish iter #32
2023-04-09 21:55:24.963302 ---> running QED iter #33
2023-04-09 21:55:26.389136 ---> running cex validation iter #33
2023-04-09 21:55:32.250805 ---> finish iter #33
2023-04-09 21:55:32.250937 ---> running QED iter #34
2023-04-09 21:55:33.698353 ---> running cex validation iter #34
2023-04-09 21:55:37.786020 ---> finish iter #34
2023-04-09 21:55:37.786158 ---> running QED iter #35
2023-04-09 21:55:39.326491 ---> running cex validation iter #35
2023-04-09 21:55:42.088787 ---> finish iter #35
2023-04-09 21:55:42.088903 ---> running QED iter #36
2023-04-09 21:55:43.640303 ---> running cex validation iter #36
2023-04-09 21:55:48.953882 ---> finish iter #36
2023-04-09 21:55:48.954011 ---> running QED iter #37
2023-04-09 21:55:50.501071 ---> running cex validation iter #37
2023-04-09 21:55:57.156735 ---> finish iter #37
2023-04-09 21:55:57.156863 ---> running QED iter #38
2023-04-09 21:55:58.680638 ---> running cex validation iter #38
2023-04-09 21:56:03.546451 ---> finish iter #38
2023-04-09 21:56:03.546585 ---> running QED iter #39
2023-04-09 21:56:05.082176 ---> running cex validation iter #39
2023-04-09 21:56:07.385954 ---> finish iter #39
2023-04-09 21:56:07.386076 ---> running QED iter #40
2023-04-09 21:56:08.929520 ---> running cex validation iter #40
2023-04-09 21:56:10.805037 ---> finish iter #40
2023-04-09 21:56:10.805153 ---> running QED iter #41
2023-04-09 21:56:12.334937 ---> running cex validation iter #41
2023-04-09 21:56:14.038619 ---> finish iter #41
2023-04-09 21:56:14.038768 ---> running QED iter #42
2023-04-09 21:56:15.561998 ---> running cex validation iter #42
2023-04-09 21:56:16.584383 ---> finish iter #42
2023-04-09 21:56:16.584492 ---> running QED iter #43
2023-04-09 21:56:18.118268 ---> running cex validation iter #43
2023-04-09 21:56:19.170175 ---> finish iter #43
2023-04-09 21:56:19.170304 ---> running QED iter #44
2023-04-09 21:56:20.709943 ---> running cex validation iter #44
2023-04-09 21:56:22.448044 ---> finish iter #44
2023-04-09 21:56:22.448168 ---> running QED iter #45
2023-04-09 21:56:23.997920 ---> running cex validation iter #45
2023-04-09 21:56:24.801308 ---> finish iter #45
2023-04-09 21:56:24.801435 ---> running QED iter #46
2023-04-09 21:56:26.357613 ---> running cex validation iter #46
2023-04-09 21:56:29.638381 ---> finish iter #46
2023-04-09 21:56:29.638503 ---> running QED iter #47
2023-04-09 21:56:31.186645 ---> running cex validation iter #47
2023-04-09 21:56:36.107260 ---> finish iter #47
2023-04-09 21:56:36.107391 ---> running QED iter #48
2023-04-09 21:56:37.668939 ---> running cex validation iter #48
2023-04-09 21:56:41.535828 ---> finish iter #48
2023-04-09 21:56:41.535953 ---> running QED iter #49
2023-04-09 21:56:43.101204 ---> running cex validation iter #49
2023-04-09 21:56:45.548116 ---> finish iter #49
2023-04-09 21:56:45.548234 ---> running QED iter #50
2023-04-09 21:56:47.097470 ---> running cex validation iter #50
2023-04-09 21:56:55.188450 ---> finish iter #50
2023-04-09 21:56:55.188567 ---> running QED iter #51
2023-04-09 21:56:56.737603 ---> running cex validation iter #51
2023-04-09 21:56:58.803551 ---> finish iter #51
2023-04-09 21:56:58.803673 ---> running QED iter #52
2023-04-09 21:57:00.365592 ---> running cex validation iter #52
2023-04-09 21:57:01.373592 ---> finish iter #52
2023-04-09 21:57:01.373722 ---> running QED iter #53
2023-04-09 21:57:02.929877 ---> running cex validation iter #53
2023-04-09 21:57:04.871187 ---> finish iter #53
2023-04-09 21:57:04.871309 ---> running QED iter #54
2023-04-09 21:57:06.455659 ---> running cex validation iter #54
2023-04-09 21:57:09.397203 ---> finish iter #54
2023-04-09 21:57:09.397325 ---> running QED iter #55
2023-04-09 21:57:11.056618 ---> running cex validation iter #55
2023-04-09 21:57:14.023579 ---> finish iter #55
2023-04-09 21:57:14.023706 ---> running QED iter #56
2023-04-09 21:57:15.629491 ---> running cex validation iter #56
2023-04-09 21:57:18.275541 ---> finish iter #56
2023-04-09 21:57:18.275650 ---> running QED iter #57
2023-04-09 21:57:19.896047 ---> running cex validation iter #57
2023-04-09 21:57:28.888135 ---> finish iter #57
2023-04-09 21:57:28.888248 ---> running QED iter #58
2023-04-09 21:57:30.577506 ---> running cex validation iter #58
2023-04-09 21:57:39.427123 ---> finish iter #58
2023-04-09 21:57:39.427243 ---> running QED iter #59
2023-04-09 21:57:42.279537 ---> running cex validation iter #59
2023-04-09 21:58:14.932855 ---> finish iter #59
2023-04-09 21:58:14.932989 ---> running QED iter #60
2023-04-09 21:58:17.664598 ---> running cex validation iter #60
2023-04-21 18:31:44.001324 ---> running QED iter #60
2023-04-21 18:31:47.894951 ---> running cex validation iter #60
2023-04-21 18:31:48.671151 ---> finish iter #60
2023-04-21 18:32:12.840631 ---> running QED iter #61
2023-04-21 18:32:16.775483 ---> running cex validation iter #61
2023-04-21 18:32:16.995396 ---> finish iter #61
2023-04-21 18:32:30.712548 ---> running QED iter #62
2023-04-21 18:32:34.640546 ---> running cex validation iter #62
2023-04-21 18:32:35.217617 ---> finish iter #62
2023-04-21 18:32:35.217744 ---> running QED iter #63
2023-04-21 18:32:39.083536 ---> running cex validation iter #63
2023-04-21 18:32:39.241484 ---> finish iter #63
2023-04-21 18:32:39.241596 ---> running QED iter #64
2023-04-21 18:32:43.091137 ---> running cex validation iter #64
2023-04-21 18:32:43.247303 ---> finish iter #64
2023-04-21 18:32:43.247419 ---> running QED iter #65
2023-04-21 18:32:47.083300 ---> running cex validation iter #65
2023-04-21 18:32:47.239568 ---> finish iter #65
2023-04-21 18:32:47.239674 ---> running QED iter #66
2023-04-21 18:32:51.071957 ---> running cex validation iter #66
2023-04-21 18:32:51.227075 ---> finish iter #66
2023-04-21 18:32:51.227186 ---> running QED iter #67
2023-04-21 18:32:55.096672 ---> running cex validation iter #67
2023-04-21 18:32:55.255270 ---> finish iter #67
2023-04-21 18:32:55.255387 ---> running QED iter #68
2023-04-21 18:32:59.150158 ---> running cex validation iter #68
2023-04-21 18:32:59.307954 ---> finish iter #68
2023-04-21 18:32:59.308067 ---> running QED iter #69
2023-04-21 18:33:03.261657 ---> running cex validation iter #69
2023-04-21 18:33:03.451214 ---> finish iter #69
2023-04-21 18:33:03.451330 ---> running QED iter #70
2023-04-21 18:33:07.652954 ---> running cex validation iter #70
2023-04-21 18:33:11.618989 ---> finish iter #70
2023-04-21 18:33:11.619107 ---> running QED iter #71
2023-04-21 18:33:15.665392 ---> running cex validation iter #71
2023-04-21 18:33:25.689373 ---> finish iter #71
2023-04-21 18:33:25.689517 ---> running QED iter #72
2023-04-21 18:33:29.515232 ---> running cex validation iter #72
2023-04-21 18:33:29.800932 ---> finish iter #72
2023-04-21 18:33:29.801054 ---> running QED iter #73
2023-04-21 18:33:33.535477 ---> running cex validation iter #73
2023-04-21 18:33:33.957338 ---> finish iter #73
2023-04-21 18:33:33.957458 ---> running QED iter #74
2023-04-21 18:33:37.727774 ---> running cex validation iter #74
2023-04-21 18:33:40.007260 ---> finish iter #74
2023-04-21 18:33:40.007392 ---> running QED iter #75
2023-04-21 18:33:43.727483 ---> running cex validation iter #75
2023-04-21 18:33:44.153765 ---> finish iter #75
2023-04-21 18:33:44.153887 ---> running QED iter #76
2023-04-21 18:33:47.927945 ---> running cex validation iter #76
2023-04-21 18:33:48.406976 ---> finish iter #76
2023-04-21 18:33:48.407103 ---> running QED iter #77
2023-04-21 18:33:52.182680 ---> running cex validation iter #77
2023-04-21 18:33:57.638584 ---> finish iter #77
2023-04-21 18:33:57.638719 ---> running QED iter #78
2023-04-21 18:34:01.384701 ---> running cex validation iter #78
2023-04-21 18:34:03.638423 ---> finish iter #78
2023-04-21 18:34:03.638553 ---> running QED iter #79
2023-04-21 18:34:07.372763 ---> running cex validation iter #79
2023-04-21 18:34:08.211840 ---> finish iter #79
2023-04-21 18:34:08.211974 ---> running QED iter #80
2023-04-21 18:34:12.020229 ---> running cex validation iter #80
2023-04-21 18:34:14.230564 ---> finish iter #80
2023-04-21 18:34:14.230694 ---> running QED iter #81
2023-04-21 18:34:18.015881 ---> running cex validation iter #81
2023-04-21 18:34:38.268214 ---> envinv size is strange! 204048 ---> 204048
2023-04-21 18:34:51.654693 ---> running QED iter #81
2023-04-21 18:34:55.412373 ---> running cex validation iter #81
2023-04-21 18:35:23.385547 ---> envinv size is strange! 204048 ---> 204048
2023-04-21 19:09:08.010210 ---> running QED iter #81
2023-04-21 19:09:11.825700 ---> running cex validation iter #81
2023-04-21 19:09:37.160572 ---> envinv size is strange! 204048 ---> 204048
2023-04-21 19:09:42.098100 ---> running QED iter #81
2023-04-21 19:09:45.905968 ---> running cex validation iter #81
2023-04-21 19:10:12.628329 ---> envinv size is strange! 204048 ---> 204048
2023-04-21 20:16:15.662897 ---> running QED iter #81
2023-04-21 20:16:19.411668 ---> running cex validation iter #81
2023-04-21 20:16:31.869282 ---> envinv size is strange! 204048 ---> 204048
2023-04-21 20:19:19.809909 ---> running QED iter #81
2023-04-21 20:19:23.551113 ---> running cex validation iter #81
2023-04-21 20:19:35.841103 ---> envinv size is strange! 204048 ---> 204048
2023-04-25 19:45:49.438397 ---> running QED iter #81
2023-04-25 19:45:50.388022 ---> cexgen failed.
2023-04-25 19:47:26.739152 ---> running QED iter #81
2023-04-25 19:49:31.233831 ---> running QED iter #81
2023-04-25 19:49:35.144852 ---> running cex validation iter #81
2023-04-25 19:49:37.906673 ---> finish iter #81
2023-04-25 19:49:49.177693 ---> running QED iter #82
2023-04-25 19:49:53.046876 ---> running cex validation iter #82
2023-04-25 19:50:17.064513 ---> finish iter #82
2023-04-25 19:50:17.064647 ---> running QED iter #83
2023-04-25 19:50:21.313150 ---> running cex validation iter #83
2023-04-25 19:50:21.679148 ---> finish iter #83
2023-04-25 19:50:21.679276 ---> running QED iter #84
2023-04-25 19:50:25.923013 ---> running cex validation iter #84
2023-04-25 19:50:26.436933 ---> finish iter #84
2023-04-25 19:50:26.437049 ---> running QED iter #85
2023-04-25 19:50:30.667132 ---> running cex validation iter #85
2023-04-25 19:50:30.832336 ---> finish iter #85
2023-04-25 19:50:30.832470 ---> running QED iter #86
2023-04-25 19:50:35.116147 ---> running cex validation iter #86
2023-04-25 19:50:39.187018 ---> finish iter #86
2023-04-25 19:50:39.187161 ---> running QED iter #87
2023-04-25 19:50:43.419527 ---> running cex validation iter #87
2023-04-25 19:50:44.109893 ---> finish iter #87
2023-04-25 19:50:44.110032 ---> running QED iter #88
2023-04-25 19:50:48.375910 ---> running cex validation iter #88
2023-04-25 19:50:53.308521 ---> finish iter #88
2023-04-25 19:50:53.308659 ---> running QED iter #89
2023-04-25 19:50:57.583381 ---> running cex validation iter #89
2023-04-25 19:50:59.091795 ---> finish iter #89
2023-04-25 19:50:59.091916 ---> running QED iter #90
2023-04-25 19:51:03.332023 ---> running cex validation iter #90
2023-04-25 19:51:05.790185 ---> finish iter #90
2023-04-25 19:51:05.790301 ---> running QED iter #91
2023-04-25 19:51:10.014516 ---> running cex validation iter #91
2023-04-25 19:51:14.212814 ---> finish iter #91
2023-04-25 19:51:14.212933 ---> running QED iter #92
2023-04-25 19:51:18.507404 ---> running cex validation iter #92
2023-04-25 19:51:23.234055 ---> finish iter #92
2023-04-25 19:51:23.234194 ---> running QED iter #93
2023-04-25 19:51:27.481792 ---> running cex validation iter #93
2023-04-25 19:51:28.628212 ---> finish iter #93
2023-04-25 19:51:28.628350 ---> running QED iter #94
2023-04-25 19:51:32.891404 ---> running cex validation iter #94
2023-04-25 19:51:39.226653 ---> finish iter #94
2023-04-25 19:51:39.226788 ---> running QED iter #95
2023-04-25 19:51:43.460398 ---> running cex validation iter #95
2023-04-25 19:51:46.050978 ---> finish iter #95
2023-04-25 19:51:46.051097 ---> running QED iter #96
2023-04-25 19:51:50.311229 ---> running cex validation iter #96
2023-04-25 19:51:50.968270 ---> finish iter #96
2023-04-25 19:51:50.968393 ---> running QED iter #97
2023-04-25 19:51:55.255961 ---> running cex validation iter #97
2023-04-25 19:51:55.602676 ---> finish iter #97
2023-04-25 19:51:55.602800 ---> running QED iter #98
2023-04-25 19:51:59.860574 ---> running cex validation iter #98
2023-04-25 19:52:01.053435 ---> finish iter #98
2023-04-25 19:52:01.053554 ---> running QED iter #99
2023-04-25 19:52:05.297250 ---> running cex validation iter #99
2023-04-25 19:52:05.914496 ---> finish iter #99
2023-04-25 19:52:05.914624 ---> running QED iter #100
2023-04-25 19:52:10.124662 ---> running cex validation iter #100
2023-04-25 19:52:15.935585 ---> finish iter #100
2023-04-25 19:52:15.935742 ---> running QED iter #101
2023-04-25 19:52:20.131599 ---> running cex validation iter #101
2023-04-25 19:52:24.358491 ---> finish iter #101
2023-04-25 19:52:24.358610 ---> running QED iter #102
2023-04-25 19:52:28.620121 ---> running cex validation iter #102
2023-04-25 19:52:30.953641 ---> finish iter #102
2023-04-25 19:52:30.953754 ---> running QED iter #103
2023-04-25 19:52:35.204306 ---> running cex validation iter #103
2023-04-25 19:52:42.634284 ---> finish iter #103
2023-04-25 19:52:42.634416 ---> running QED iter #104
2023-04-25 19:52:46.870703 ---> running cex validation iter #104
2023-04-25 19:52:50.638934 ---> finish iter #104
2023-04-25 19:52:50.639067 ---> running QED iter #105
2023-04-25 19:52:54.911708 ---> running cex validation iter #105
2023-04-25 19:52:55.085394 ---> finish iter #105
2023-04-25 19:52:55.085493 ---> running QED iter #106
2023-04-25 19:52:59.371769 ---> running cex validation iter #106
2023-04-25 19:53:05.609039 ---> finish iter #106
2023-04-25 19:53:05.609170 ---> running QED iter #107
2023-04-25 19:53:09.881266 ---> running cex validation iter #107
2023-04-25 19:53:10.047198 ---> finish iter #107
2023-04-25 19:53:10.047323 ---> running QED iter #108
2023-04-25 19:53:14.333314 ---> running cex validation iter #108
2023-04-25 19:53:15.207798 ---> finish iter #108
2023-04-25 19:53:15.207884 ---> running QED iter #109
2023-04-25 19:53:19.512637 ---> running cex validation iter #109
2023-04-25 19:53:20.247853 ---> finish iter #109
2023-04-25 19:53:20.247977 ---> running QED iter #110
2023-04-25 19:53:24.515814 ---> running cex validation iter #110
2023-04-25 19:53:40.207581 ---> finish iter #110
2023-04-25 19:53:40.207715 ---> running QED iter #111
2023-04-25 19:53:44.663973 ---> running cex validation iter #111
2023-04-25 19:54:31.818752 ---> running QED iter #111
2023-04-25 19:54:36.244276 ---> running cex validation iter #111
2023-04-25 19:54:38.211828 ---> finish iter #111
2023-04-25 19:54:38.211946 ---> running QED iter #112
2023-04-25 19:54:42.628707 ---> running cex validation iter #112
2023-04-25 19:54:44.154806 ---> finish iter #112
2023-04-25 19:54:44.154963 ---> running QED iter #113
2023-04-25 19:54:48.664220 ---> running cex validation iter #113
2023-04-25 19:54:56.552360 ---> finish iter #113
2023-04-25 19:54:56.552494 ---> running QED iter #114
2023-04-25 19:55:01.208159 ---> running cex validation iter #114
2023-04-25 19:55:14.375592 ---> finish iter #114
2023-04-25 19:55:14.375708 ---> running QED iter #115
2023-04-25 19:55:19.253346 ---> running cex validation iter #115
2023-04-25 19:55:20.050339 ---> finish iter #115
2023-04-25 19:55:20.050484 ---> running QED iter #116
2023-04-25 19:55:24.923939 ---> running cex validation iter #116
2023-04-25 19:55:25.723817 ---> finish iter #116
2023-04-25 19:55:25.723951 ---> running QED iter #117
2023-04-25 19:55:30.605417 ---> running cex validation iter #117
2023-04-25 19:55:36.932035 ---> finish iter #117
2023-04-25 19:55:36.932162 ---> running QED iter #118
2023-04-25 19:55:41.893352 ---> running cex validation iter #118
2023-04-25 19:55:46.642147 ---> finish iter #118
2023-04-25 19:55:46.642266 ---> running QED iter #119
2023-04-25 19:55:51.620916 ---> running cex validation iter #119
2023-04-25 19:57:48.554785 ---> finish iter #119
2023-04-25 19:57:48.554909 ---> running QED iter #120
2023-04-25 19:57:53.436648 ---> running cex validation iter #120
2023-04-25 19:58:11.090362 ---> finish iter #120
2023-04-25 19:58:11.090499 ---> running QED iter #121
2023-04-25 19:58:15.971821 ---> running cex validation iter #121
2023-04-25 19:59:23.327312 ---> finish iter #121
2023-04-25 19:59:23.327437 ---> running QED iter #122
2023-04-25 19:59:29.046090 ---> running cex validation iter #122
2023-04-25 20:04:02.045868 ---> finish iter #122
2023-04-25 20:04:02.045957 ---> running QED iter #123
2023-04-25 20:04:07.883238 ---> running cex validation iter #123
2023-04-25 20:04:08.835016 ---> finish iter #123
2023-04-25 20:04:08.835151 ---> running QED iter #124
2023-04-25 20:04:14.644160 ---> running cex validation iter #124
2023-04-25 20:04:17.118075 ---> finish iter #124
2023-04-25 20:04:17.118197 ---> running QED iter #125
2023-04-25 20:04:23.518400 ---> running cex validation iter #125
2023-04-25 20:04:39.038929 ---> finish iter #125
2023-04-25 20:04:39.039137 ---> running QED iter #126
2023-04-25 20:04:45.612590 ---> running cex validation iter #126
2023-04-25 20:04:52.527717 ---> finish iter #126
2023-04-25 20:04:52.527888 ---> running QED iter #127
2023-04-25 20:04:58.523170 ---> running cex validation iter #127
2023-04-25 20:05:33.617737 ---> finish iter #127
2023-04-25 20:05:33.617824 ---> running QED iter #128
2023-04-25 20:05:40.120592 ---> running cex validation iter #128
2023-04-25 20:06:04.263356 ---> finish iter #128
2023-04-25 20:06:04.263480 ---> running QED iter #129
2023-04-25 20:06:10.880693 ---> running cex validation iter #129
2023-04-25 20:10:40.687415 ---> finish iter #129
2023-04-25 20:10:40.687557 ---> running QED iter #130
2023-04-25 20:10:47.461343 ---> running cex validation iter #130
2023-04-25 20:20:48.332236 ---> finish iter #130
2023-04-25 20:20:48.332392 ---> running QED iter #131
2023-04-25 20:20:54.955489 ---> running cex validation iter #131
2023-04-25 20:20:56.286420 ---> finish iter #131
2023-04-25 20:20:56.286519 ---> running QED iter #132
2023-04-25 20:21:03.315973 ---> running cex validation iter #132
2023-04-25 20:21:58.943812 ---> finish iter #132
2023-04-25 20:21:58.943949 ---> running QED iter #133
2023-04-25 20:22:05.803360 ---> running cex validation iter #133
2023-04-25 20:22:06.603045 ---> finish iter #133
2023-04-25 20:22:06.603153 ---> running QED iter #134
2023-04-25 20:22:13.448867 ---> running cex validation iter #134
2023-04-25 20:23:21.695846 ---> finish iter #134
2023-04-25 20:23:21.695970 ---> running QED iter #135
2023-04-25 20:23:29.197102 ---> running cex validation iter #135
2023-04-25 20:24:15.189969 ---> finish iter #135
2023-04-25 20:24:15.190063 ---> running QED iter #136
2023-04-25 20:24:22.058660 ---> running cex validation iter #136
2023-04-25 20:25:07.179242 ---> finish iter #136
2023-04-25 20:25:07.179358 ---> running QED iter #137
2023-04-25 20:25:14.383351 ---> running cex validation iter #137
2023-04-25 20:26:08.439847 ---> finish iter #137
2023-04-25 20:26:08.439992 ---> running QED iter #138
2023-04-25 20:26:15.534068 ---> running cex validation iter #138
2023-04-25 20:29:09.231473 ---> finish iter #138
2023-04-25 20:29:09.231600 ---> running QED iter #139
2023-04-25 20:29:16.655997 ---> running cex validation iter #139
2023-04-25 20:35:19.774933 ---> finish iter #139
2023-04-25 20:35:19.775044 ---> running QED iter #140
2023-04-25 20:35:28.288718 ---> running cex validation iter #140
2023-04-25 20:35:38.419771 ---> finish iter #140
2023-04-25 20:35:38.419905 ---> running QED iter #141
2023-04-25 20:35:46.794729 ---> running cex validation iter #141
2023-04-25 20:35:47.744287 ---> finish iter #141
2023-04-25 20:35:47.744397 ---> running QED iter #142
2023-04-25 20:35:56.101181 ---> running cex validation iter #142
2023-04-25 20:36:41.095713 ---> finish iter #142
2023-04-25 20:36:41.095935 ---> running QED iter #143
2023-04-25 20:36:49.520532 ---> running cex validation iter #143
2023-04-25 20:37:25.328918 ---> finish iter #143
2023-04-25 20:37:25.329048 ---> running QED iter #144
2023-04-25 20:37:34.248181 ---> running cex validation iter #144
2023-04-25 20:38:01.941761 ---> finish iter #144
2023-04-25 20:38:01.941893 ---> running QED iter #145
2023-04-25 20:38:10.828230 ---> running cex validation iter #145
2023-04-25 20:38:49.610357 ---> finish iter #145
2023-04-25 20:38:49.610455 ---> running QED iter #146
2023-04-25 20:38:58.596898 ---> running cex validation iter #146
2023-04-25 20:39:41.818557 ---> finish iter #146
2023-04-25 20:39:41.818678 ---> running QED iter #147
2023-04-25 20:39:50.733122 ---> running cex validation iter #147
2023-04-25 20:40:21.195820 ---> finish iter #147
2023-04-25 20:40:21.195962 ---> running QED iter #148
2023-04-25 20:40:30.087902 ---> running cex validation iter #148
2023-04-25 20:41:08.606480 ---> finish iter #148
2023-04-25 20:41:08.606610 ---> running QED iter #149
2023-04-25 20:41:17.460228 ---> running cex validation iter #149
2023-04-25 20:42:02.632674 ---> finish iter #149
2023-04-25 20:42:02.632815 ---> running QED iter #150
2023-04-25 20:42:11.575401 ---> running cex validation iter #150
2023-04-25 20:42:42.322878 ---> finish iter #150
2023-04-25 20:42:42.322984 ---> running QED iter #151
2023-04-25 20:42:51.372123 ---> running cex validation iter #151
2023-04-25 20:44:17.128314 ---> finish iter #151
2023-04-25 20:44:17.128440 ---> running QED iter #152
2023-04-25 20:44:25.977236 ---> running cex validation iter #152
2023-04-25 20:45:00.041749 ---> finish iter #152
2023-04-25 20:45:00.041853 ---> running QED iter #153
2023-04-25 20:45:08.929341 ---> running cex validation iter #153
2023-04-25 20:45:09.905629 ---> finish iter #153
2023-04-25 20:45:09.905753 ---> running QED iter #154
2023-04-25 20:45:18.839793 ---> running cex validation iter #154
2023-04-25 20:45:20.133888 ---> finish iter #154
2023-04-25 20:45:20.134015 ---> running QED iter #155
2023-04-25 20:45:29.007649 ---> running cex validation iter #155
2023-04-25 20:46:22.015196 ---> finish iter #155
2023-04-25 20:46:22.015311 ---> running QED iter #156
2023-04-25 20:46:30.926957 ---> running cex validation iter #156
2023-04-25 20:47:07.495382 ---> finish iter #156
2023-04-25 20:47:07.495509 ---> running QED iter #157
2023-04-25 20:47:16.416728 ---> running cex validation iter #157
2023-04-25 20:48:14.189544 ---> finish iter #157
2023-04-25 20:48:14.189644 ---> running QED iter #158
2023-04-25 20:48:23.336756 ---> running cex validation iter #158
2023-04-25 20:49:11.627697 ---> finish iter #158
2023-04-25 20:49:11.627805 ---> running QED iter #159
2023-04-25 20:49:20.920026 ---> running cex validation iter #159
2023-04-25 20:50:21.641299 ---> finish iter #159
2023-04-25 20:50:21.641436 ---> running QED iter #160
2023-04-25 20:50:31.196665 ---> running cex validation iter #160
2023-04-25 20:51:41.433165 ---> finish iter #160
2023-04-25 20:51:41.433259 ---> running QED iter #161
2023-04-25 20:51:50.619436 ---> running cex validation iter #161
2023-04-25 20:52:54.412614 ---> finish iter #161
2023-04-25 20:52:54.412711 ---> running QED iter #162
2023-04-25 20:53:03.703325 ---> running cex validation iter #162
2023-04-25 20:53:54.495700 ---> finish iter #162
2023-04-25 20:53:54.495823 ---> running QED iter #163
2023-04-25 20:54:03.784883 ---> running cex validation iter #163
2023-04-25 20:55:06.341586 ---> finish iter #163
2023-04-25 20:55:06.341685 ---> running QED iter #164
2023-04-25 20:55:15.751682 ---> running cex validation iter #164
2023-04-25 20:56:14.290483 ---> finish iter #164
2023-04-25 20:56:14.290591 ---> running QED iter #165
2023-04-25 20:56:23.881050 ---> running cex validation iter #165
2023-04-25 20:58:58.422243 ---> finish iter #165
2023-04-25 20:58:58.422329 ---> running QED iter #166
2023-04-25 20:59:08.441564 ---> running cex validation iter #166
2023-04-25 21:03:49.226495 ---> finish iter #166
2023-04-25 21:03:49.226640 ---> running QED iter #167
2023-04-25 21:04:00.820303 ---> running cex validation iter #167
2023-04-25 21:07:04.105717 ---> finish iter #167
2023-04-25 21:07:04.105833 ---> running QED iter #168
2023-04-25 21:07:15.361073 ---> running cex validation iter #168
2023-04-25 21:11:55.863012 ---> finish iter #168
2023-04-25 21:11:55.863157 ---> running QED iter #169
2023-04-25 21:12:09.431622 ---> running cex validation iter #169
2023-04-25 21:14:07.401182 ---> finish iter #169
2023-04-25 21:14:07.401272 ---> running QED iter #170
2023-04-25 21:14:21.744119 ---> running cex validation iter #170
2023-04-25 21:18:35.728066 ---> finish iter #170
2023-04-25 21:18:35.728163 ---> running QED iter #171
2023-04-25 21:18:51.237377 ---> running cex validation iter #171
2023-04-25 21:37:00.524613 ---> finish iter #171
2023-04-25 21:37:00.524712 ---> running QED iter #172
2023-04-25 21:37:16.788025 ---> running cex validation iter #172
2023-04-25 21:37:54.862778 ---> finish iter #172
2023-04-25 21:37:54.862913 ---> running QED iter #173
2023-04-25 21:38:11.295738 ---> running cex validation iter #173
2023-04-25 21:38:50.106809 ---> finish iter #173
2023-04-25 21:38:50.106897 ---> running QED iter #174
2023-04-25 21:39:06.316468 ---> running cex validation iter #174
2023-04-25 21:39:34.236249 ---> finish iter #174
2023-04-25 21:39:34.236351 ---> running QED iter #175
2023-04-25 21:39:50.557235 ---> running cex validation iter #175
2023-04-25 21:40:13.825262 ---> finish iter #175
2023-04-25 21:40:13.825359 ---> running QED iter #176
2023-04-25 21:40:30.351457 ---> running cex validation iter #176
2023-04-25 21:40:41.221408 ---> finish iter #176
2023-04-25 21:40:41.221514 ---> running QED iter #177
2023-04-25 21:40:58.319318 ---> running cex validation iter #177
2023-04-25 21:41:43.442787 ---> finish iter #177
2023-04-25 21:41:43.442892 ---> running QED iter #178
2023-04-25 21:42:00.588089 ---> running cex validation iter #178
2023-04-25 21:42:44.901106 ---> finish iter #178
2023-04-25 21:42:44.901240 ---> running QED iter #179
2023-04-25 21:43:02.235851 ---> running cex validation iter #179
2023-04-25 21:43:36.432880 ---> finish iter #179
2023-04-25 21:43:36.433018 ---> running QED iter #180
2023-04-25 21:43:53.383429 ---> running cex validation iter #180
2023-04-25 21:44:24.443306 ---> finish iter #180
2023-04-25 21:44:24.443403 ---> running QED iter #181
2023-04-25 21:44:41.508286 ---> running cex validation iter #181
2023-04-25 21:45:11.341722 ---> finish iter #181
2023-04-25 21:45:11.341828 ---> running QED iter #182
2023-04-25 21:45:28.982882 ---> running cex validation iter #182
2023-04-25 21:45:50.923395 ---> finish iter #182
2023-04-25 21:45:50.923512 ---> running QED iter #183
2023-04-25 21:46:08.285229 ---> running cex validation iter #183
2023-04-25 21:46:32.776006 ---> finish iter #183
2023-04-25 21:46:32.776121 ---> running QED iter #184
2023-04-25 21:46:50.245374 ---> running cex validation iter #184
2023-04-25 21:47:19.398133 ---> finish iter #184
2023-04-25 21:47:19.398268 ---> running QED iter #185
2023-04-25 21:47:36.816467 ---> running cex validation iter #185
2023-04-25 21:47:57.763129 ---> finish iter #185
2023-04-25 21:47:57.763253 ---> running QED iter #186
2023-04-25 21:48:15.728293 ---> running cex validation iter #186
2023-04-25 21:49:13.378283 ---> finish iter #186
2023-04-25 21:49:13.378401 ---> running QED iter #187
2023-04-25 21:49:31.320315 ---> running cex validation iter #187
2023-04-25 21:50:17.302227 ---> finish iter #187
2023-04-25 21:50:17.302328 ---> running QED iter #188
2023-04-25 21:50:35.131895 ---> running cex validation iter #188
2023-04-25 21:50:53.654185 ---> finish iter #188
2023-04-25 21:50:53.654298 ---> running QED iter #189
2023-04-25 21:51:11.571287 ---> running cex validation iter #189
2023-04-25 21:51:41.345314 ---> finish iter #189
2023-04-25 21:51:41.345434 ---> running QED iter #190
2023-04-25 21:51:59.346689 ---> running cex validation iter #190
2023-04-25 21:52:16.020127 ---> finish iter #190
2023-04-25 21:52:16.020261 ---> running QED iter #191
2023-04-25 21:52:33.844480 ---> running cex validation iter #191
2023-04-25 21:52:50.747681 ---> finish iter #191
2023-04-25 21:52:50.747813 ---> running QED iter #192
2023-04-25 21:53:08.610466 ---> running cex validation iter #192
2023-04-25 21:53:38.115542 ---> finish iter #192
2023-04-25 21:53:38.115667 ---> running QED iter #193
2023-04-25 21:53:57.064303 ---> running cex validation iter #193
2023-04-25 21:54:37.132680 ---> finish iter #193
2023-04-25 21:54:37.132773 ---> running QED iter #194
2023-04-25 21:54:56.096572 ---> running cex validation iter #194
2023-04-25 21:55:36.211840 ---> finish iter #194
2023-04-25 21:55:36.211938 ---> running QED iter #195
2023-04-25 21:55:55.320237 ---> running cex validation iter #195
2023-04-25 21:56:28.741497 ---> finish iter #195
2023-04-25 21:56:28.741619 ---> running QED iter #196
2023-04-25 21:56:47.906490 ---> running cex validation iter #196
2023-04-25 21:57:25.953339 ---> finish iter #196
2023-04-25 21:57:25.953469 ---> running QED iter #197
2023-04-25 21:57:45.293483 ---> running cex validation iter #197
2023-04-25 21:58:27.254085 ---> finish iter #197
2023-04-25 21:58:27.254228 ---> running QED iter #198
2023-04-25 21:58:46.774055 ---> running cex validation iter #198
2023-04-25 21:59:23.899378 ---> finish iter #198
2023-04-25 21:59:23.899503 ---> running QED iter #199
2023-04-25 21:59:44.147820 ---> running cex validation iter #199
2023-04-25 22:02:59.756004 ---> finish iter #199
2023-04-25 22:02:59.756088 ---> running QED iter #200
2023-04-25 22:03:20.639668 ---> running cex validation iter #200
2023-04-25 22:07:34.197181 ---> finish iter #200
2023-04-25 22:07:34.197302 ---> running QED iter #201
2023-04-25 22:07:55.317496 ---> running cex validation iter #201
2023-04-25 22:13:00.651518 ---> finish iter #201
2023-04-25 22:13:00.651645 ---> running QED iter #202
2023-04-25 22:13:23.487743 ---> running cex validation iter #202
2023-04-25 22:15:54.004317 ---> finish iter #202
2023-04-25 22:15:54.004403 ---> running QED iter #203
2023-04-25 22:16:17.111721 ---> running cex validation iter #203
2023-04-25 22:22:13.195348 ---> finish iter #203
2023-04-25 22:22:13.195468 ---> running QED iter #204
2023-04-25 22:22:37.947878 ---> running cex validation iter #204
2023-04-25 22:25:07.510306 ---> finish iter #204
2023-04-25 22:25:07.510442 ---> running QED iter #205
2023-04-25 22:25:32.165782 ---> running cex validation iter #205
2023-04-25 22:25:54.236464 ---> finish iter #205
2023-04-25 22:25:54.236594 ---> running QED iter #206
2023-04-25 22:26:19.245328 ---> running cex validation iter #206
2023-04-25 22:26:37.924293 ---> finish iter #206
2023-04-25 22:26:37.924401 ---> running QED iter #207
2023-04-25 22:27:03.643617 ---> running cex validation iter #207
2023-04-25 22:27:29.251257 ---> finish iter #207
2023-04-25 22:27:29.251392 ---> running QED iter #208
2023-04-25 22:27:54.655670 ---> running cex validation iter #208
2023-04-25 22:28:24.262038 ---> finish iter #208
2023-04-25 22:28:24.262173 ---> running QED iter #209
2023-04-25 22:28:49.711551 ---> running cex validation iter #209
2023-04-25 22:29:24.755281 ---> finish iter #209
2023-04-25 22:29:24.755399 ---> running QED iter #210
2023-04-25 22:29:50.936180 ---> running cex validation iter #210
2023-04-25 22:30:25.015415 ---> finish iter #210
2023-04-25 22:30:25.015533 ---> running QED iter #211
2023-04-25 22:30:50.655268 ---> running cex validation iter #211
2023-04-25 22:31:22.855789 ---> finish iter #211
2023-04-25 22:31:22.855886 ---> running QED iter #212
2023-04-25 22:31:48.777240 ---> running cex validation iter #212
2023-04-25 22:32:16.886021 ---> finish iter #212
2023-04-25 22:32:16.886118 ---> running QED iter #213
2023-04-25 22:32:42.397683 ---> running cex validation iter #213
2023-04-25 22:33:09.889851 ---> finish iter #213
2023-04-25 22:33:09.889973 ---> running QED iter #214
2023-04-25 22:33:35.552015 ---> running cex validation iter #214
2023-04-25 22:36:16.954224 ---> finish iter #214
2023-04-25 22:36:16.962894 ---> running QED iter #215
2023-04-25 22:36:43.304920 ---> running cex validation iter #215
2023-04-25 22:37:59.517223 ---> finish iter #215
2023-04-25 22:37:59.517359 ---> running QED iter #216
2023-04-25 22:38:25.548045 ---> running cex validation iter #216
2023-04-25 22:40:25.451433 ---> finish iter #216
2023-04-25 22:40:25.451572 ---> running QED iter #217
2023-04-25 22:40:51.201231 ---> running cex validation iter #217
2023-04-25 22:42:51.565977 ---> finish iter #217
2023-04-25 22:42:51.566063 ---> running QED iter #218
2023-04-25 22:43:17.254905 ---> running cex validation iter #218
2023-04-25 22:45:06.755761 ---> finish iter #218
2023-04-25 22:45:06.755905 ---> running QED iter #219
2023-04-25 22:45:32.214649 ---> running cex validation iter #219
2023-04-25 22:45:46.847792 ---> finish iter #219
2023-04-25 22:45:46.847932 ---> running QED iter #220
2023-04-25 22:46:12.648938 ---> running cex validation iter #220
2023-04-25 22:46:40.215778 ---> finish iter #220
2023-04-25 22:46:40.215918 ---> running QED iter #221
2023-04-25 22:47:05.860502 ---> running cex validation iter #221
2023-04-25 22:47:36.554428 ---> finish iter #221
2023-04-25 22:47:36.554554 ---> running QED iter #222
2023-04-25 22:48:02.919925 ---> running cex validation iter #222
2023-04-25 22:48:20.655256 ---> finish iter #222
2023-04-25 22:48:20.655397 ---> running QED iter #223
2023-04-25 22:48:47.211506 ---> running cex validation iter #223
2023-04-25 22:50:45.054225 ---> finish iter #223
2023-04-25 22:50:45.054364 ---> running QED iter #224
2023-04-25 22:51:12.015401 ---> running cex validation iter #224
2023-04-25 22:53:06.152863 ---> finish iter #224
2023-04-25 22:53:06.152952 ---> running QED iter #225
2023-04-25 22:53:32.300548 ---> running cex validation iter #225
2023-04-25 22:55:59.426132 ---> finish iter #225
2023-04-25 22:55:59.426263 ---> running QED iter #226
2023-04-25 22:56:26.398876 ---> running cex validation iter #226
2023-04-25 23:00:37.289844 ---> finish iter #226
2023-04-25 23:00:37.289964 ---> running QED iter #227
2023-04-25 23:01:04.431156 ---> running cex validation iter #227
2023-04-25 23:05:10.439807 ---> finish iter #227
2023-04-25 23:05:10.439943 ---> running QED iter #228
2023-04-25 23:05:37.187969 ---> running cex validation iter #228
2023-04-25 23:09:47.480860 ---> finish iter #228
2023-04-25 23:09:47.480980 ---> running QED iter #229
2023-04-25 23:10:14.000505 ---> running cex validation iter #229
2023-04-25 23:14:19.104244 ---> finish iter #229
2023-04-25 23:14:19.104371 ---> running QED iter #230
2023-04-25 23:14:46.073376 ---> running cex validation iter #230
2023-04-25 23:18:56.810760 ---> finish iter #230
2023-04-25 23:18:56.810843 ---> running QED iter #231
2023-04-25 23:19:24.471969 ---> running cex validation iter #231
2023-04-25 23:24:27.415191 ---> finish iter #231
2023-04-25 23:24:27.415274 ---> running QED iter #232
2023-04-25 23:24:56.135131 ---> running cex validation iter #232
2023-04-25 23:25:26.456894 ---> finish iter #232
2023-04-25 23:25:26.456975 ---> running QED iter #233
2023-04-25 23:25:55.396541 ---> running cex validation iter #233
2023-04-25 23:28:44.148059 ---> finish iter #233
2023-04-25 23:28:44.148184 ---> running QED iter #234
2023-04-25 23:29:14.241084 ---> running cex validation iter #234
2023-04-25 23:31:09.387978 ---> finish iter #234
2023-04-25 23:31:09.388128 ---> running QED iter #235
2023-04-25 23:31:39.219845 ---> running cex validation iter #235
2023-04-25 23:33:35.706189 ---> finish iter #235
2023-04-25 23:33:35.706332 ---> running QED iter #236
2023-04-25 23:34:06.788300 ---> running cex validation iter #236
2023-04-25 23:36:03.673926 ---> finish iter #236
2023-04-25 23:36:03.674064 ---> running QED iter #237
2023-04-25 23:36:33.735031 ---> running cex validation iter #237
2023-04-25 23:36:54.916028 ---> finish iter #237
2023-04-25 23:36:54.916157 ---> running QED iter #238
2023-04-25 23:37:25.484176 ---> running cex validation iter #238
2023-04-25 23:38:05.698966 ---> finish iter #238
2023-04-25 23:38:05.699115 ---> running QED iter #239
2023-04-25 23:38:36.605853 ---> running cex validation iter #239
2023-04-25 23:39:06.869947 ---> finish iter #239
2023-04-25 23:39:06.870075 ---> running QED iter #240
2023-04-25 23:39:37.551481 ---> running cex validation iter #240
2023-04-25 23:40:23.677622 ---> finish iter #240
2023-04-25 23:40:23.677761 ---> running QED iter #241
2023-04-25 23:40:53.768385 ---> running cex validation iter #241
2023-04-25 23:41:27.750383 ---> finish iter #241
2023-04-25 23:41:27.750516 ---> running QED iter #242
2023-04-25 23:41:58.270405 ---> running cex validation iter #242
2023-04-25 23:42:28.745105 ---> finish iter #242
2023-04-25 23:42:28.745185 ---> running QED iter #243
2023-04-25 23:42:59.671998 ---> running cex validation iter #243
2023-04-25 23:43:27.034485 ---> finish iter #243
2023-04-25 23:43:27.034600 ---> running QED iter #244
2023-04-25 23:43:59.089681 ---> running cex validation iter #244
2023-04-25 23:44:25.673718 ---> finish iter #244
2023-04-25 23:44:25.673832 ---> running QED iter #245
2023-04-25 23:44:57.198575 ---> running cex validation iter #245
2023-04-25 23:48:15.037518 ---> finish iter #245
2023-04-25 23:48:15.037655 ---> running QED iter #246
2023-04-25 23:48:46.231622 ---> running cex validation iter #246
2023-04-25 23:53:01.175294 ---> finish iter #246
2023-04-25 23:53:01.175428 ---> running QED iter #247
2023-04-25 23:53:33.108661 ---> running cex validation iter #247
2023-04-25 23:55:49.438719 ---> finish iter #247
2023-04-25 23:55:49.438861 ---> running QED iter #248
2023-04-25 23:56:21.499473 ---> running cex validation iter #248
2023-04-25 23:59:27.435606 ---> finish iter #248
2023-04-25 23:59:27.435731 ---> running QED iter #249
2023-04-26 00:00:00.571716 ---> running cex validation iter #249
2023-04-26 00:02:28.080889 ---> finish iter #249
2023-04-26 00:02:28.081019 ---> running QED iter #250
2023-04-26 00:03:00.735586 ---> running cex validation iter #250
2023-04-26 00:04:19.011253 ---> finish iter #250
2023-04-26 00:04:19.011407 ---> running QED iter #251
2023-04-26 00:04:52.390460 ---> running cex validation iter #251
2023-04-26 00:07:22.638979 ---> finish iter #251
2023-04-26 00:07:22.639113 ---> running QED iter #252
2023-04-26 00:07:56.009703 ---> running cex validation iter #252
2023-04-26 00:11:10.820861 ---> finish iter #252
2023-04-26 00:11:10.820986 ---> running QED iter #253
2023-04-26 00:11:48.267639 ---> running cex validation iter #253
2023-04-26 00:13:54.644504 ---> finish iter #253
2023-04-26 00:13:54.644635 ---> running QED iter #254
2023-04-26 00:14:31.302081 ---> running cex validation iter #254
2023-04-26 00:16:32.640909 ---> finish iter #254
2023-04-26 00:16:32.641048 ---> running QED iter #255
2023-04-26 00:17:07.960426 ---> running cex validation iter #255
2023-04-26 00:19:13.414578 ---> finish iter #255
2023-04-26 00:19:13.414712 ---> running QED iter #256
2023-04-26 00:19:49.799543 ---> running cex validation iter #256
2023-04-26 00:21:10.018368 ---> finish iter #256
2023-04-26 00:21:10.018497 ---> running QED iter #257
2023-04-26 00:21:47.066357 ---> running cex validation iter #257
2023-04-26 00:23:52.072541 ---> finish iter #257
2023-04-26 00:23:52.072670 ---> running QED iter #258
2023-04-26 00:24:29.764908 ---> running cex validation iter #258
2023-04-26 00:25:38.768538 ---> finish iter #258
2023-04-26 00:25:38.768694 ---> running QED iter #259
2023-04-26 00:26:16.571848 ---> running cex validation iter #259
2023-04-26 00:26:22.064742 ---> finish iter #259
2023-04-26 00:26:22.064874 ---> running QED iter #260
2023-04-26 00:27:02.579516 ---> running cex validation iter #260
2023-04-26 00:27:46.316779 ---> finish iter #260
2023-04-26 00:27:46.316905 ---> running QED iter #261
2023-04-26 00:28:24.788956 ---> running cex validation iter #261
2023-04-26 00:28:27.593744 ---> finish iter #261
2023-04-26 00:28:27.593865 ---> running QED iter #262
2023-04-26 00:29:05.215677 ---> running cex validation iter #262
2023-04-26 00:29:06.474714 ---> finish iter #262
2023-04-26 00:29:06.474823 ---> running QED iter #263
2023-04-26 00:29:45.031574 ---> running cex validation iter #263
2023-04-26 00:29:46.210805 ---> finish iter #263
2023-04-26 00:29:46.210932 ---> running QED iter #264
2023-04-26 00:30:25.384875 ---> running cex validation iter #264
2023-04-26 00:30:27.906505 ---> finish iter #264
2023-04-26 00:30:27.906670 ---> running QED iter #265
2023-04-26 00:31:05.790548 ---> running cex validation iter #265
2023-04-26 00:31:06.629571 ---> finish iter #265
2023-04-26 00:31:06.629689 ---> running QED iter #266
2023-04-26 00:31:45.556358 ---> running cex validation iter #266
2023-04-26 00:32:12.104130 ---> finish iter #266
2023-04-26 00:32:12.104255 ---> running QED iter #267
2023-04-26 00:32:50.046661 ---> running cex validation iter #267
2023-04-26 00:33:52.058749 ---> finish iter #267
2023-04-26 00:33:52.058878 ---> running QED iter #268
2023-04-26 00:34:32.534967 ---> running cex validation iter #268
2023-04-26 00:35:26.936328 ---> finish iter #268
2023-04-26 00:35:26.936468 ---> running QED iter #269
2023-04-26 00:36:07.807748 ---> running cex validation iter #269
2023-04-26 00:37:21.472709 ---> envinv size is strange! 1593303 ---> 1593303
2023-04-26 10:28:40.042298 ---> running QED iter #269
2023-04-26 10:29:20.808682 ---> running cex validation iter #269
2023-04-26 10:30:26.418226 ---> finish iter #269
2023-04-26 10:30:26.418362 ---> running QED iter #270
2023-04-26 10:31:09.972204 ---> running cex validation iter #270
2023-04-26 10:31:11.255829 ---> finish iter #270
2023-04-26 10:31:11.255954 ---> running QED iter #271
2023-04-26 10:31:52.469022 ---> running cex validation iter #271
2023-04-26 10:31:53.818934 ---> finish iter #271
2023-04-26 10:31:53.819041 ---> running QED iter #272
2023-04-26 10:32:36.069021 ---> running cex validation iter #272
2023-04-26 10:32:37.412556 ---> finish iter #272
2023-04-26 10:32:37.412637 ---> running QED iter #273
2023-04-26 10:33:14.404541 ---> running cex validation iter #273
2023-04-26 10:33:15.315513 ---> finish iter #273
2023-04-26 10:33:15.315639 ---> running QED iter #274
2023-04-26 10:33:51.982994 ---> running cex validation iter #274
2023-04-26 10:34:49.652382 ---> finish iter #274
2023-04-26 10:34:49.652499 ---> running QED iter #275
2023-04-26 10:35:26.261073 ---> running cex validation iter #275
2023-04-26 10:36:08.910839 ---> finish iter #275
2023-04-26 10:36:08.910966 ---> running QED iter #276
2023-04-26 10:36:46.311623 ---> running cex validation iter #276
2023-04-26 10:36:47.991764 ---> finish iter #276
2023-04-26 10:36:47.991882 ---> running QED iter #277
2023-04-26 10:37:25.412171 ---> running cex validation iter #277
2023-04-26 10:37:26.132250 ---> finish iter #277
2023-04-26 10:37:26.132362 ---> running QED iter #278
2023-04-26 10:38:04.236185 ---> running cex validation iter #278
2023-04-26 10:38:42.921124 ---> finish iter #278
2023-04-26 10:38:42.921204 ---> running QED iter #279
2023-04-26 10:39:19.839174 ---> running cex validation iter #279
2023-04-26 10:39:34.257814 ---> finish iter #279
2023-04-26 10:39:34.257900 ---> running QED iter #280
2023-04-26 10:40:11.415282 ---> running cex validation iter #280
2023-04-26 10:40:44.498694 ---> finish iter #280
2023-04-26 10:40:44.498805 ---> running QED iter #281
2023-04-26 10:41:21.735779 ---> running cex validation iter #281
2023-04-26 10:41:43.515214 ---> finish iter #281
2023-04-26 10:41:43.515336 ---> running QED iter #282
2023-04-26 10:42:21.456906 ---> running cex validation iter #282
2023-04-26 10:43:04.125375 ---> finish iter #282
2023-04-26 10:43:04.125464 ---> running QED iter #283
2023-04-26 10:43:42.776311 ---> running cex validation iter #283
2023-04-26 10:44:07.821963 ---> finish iter #283
2023-04-26 10:44:07.822095 ---> running QED iter #284
2023-04-26 10:44:48.044517 ---> running cex validation iter #284
2023-04-26 10:45:10.893506 ---> finish iter #284
2023-04-26 10:45:10.893626 ---> running QED iter #285
2023-04-26 10:45:48.667861 ---> running cex validation iter #285
2023-04-26 10:46:22.034331 ---> finish iter #285
2023-04-26 10:46:22.034441 ---> running QED iter #286
2023-04-26 10:46:59.751323 ---> running cex validation iter #286
2023-04-26 10:47:34.425179 ---> finish iter #286
2023-04-26 10:47:34.425263 ---> running QED iter #287
2023-04-26 10:48:11.863310 ---> running cex validation iter #287
2023-04-26 10:48:12.953979 ---> finish iter #287
2023-04-26 10:48:12.954095 ---> running QED iter #288
2023-04-26 10:48:50.706694 ---> running cex validation iter #288
2023-04-26 10:48:51.867399 ---> finish iter #288
2023-04-26 10:48:51.867497 ---> running QED iter #289
2023-04-26 10:49:30.891396 ---> running cex validation iter #289
2023-04-26 10:49:32.025184 ---> finish iter #289
2023-04-26 10:49:32.025300 ---> running QED iter #290
2023-04-26 10:50:10.975192 ---> running cex validation iter #290
2023-04-26 10:50:12.387233 ---> finish iter #290
2023-04-26 10:50:12.387386 ---> running QED iter #291
2023-04-26 10:50:52.920506 ---> running cex validation iter #291
2023-04-26 10:50:54.361998 ---> finish iter #291
2023-04-26 10:50:54.362113 ---> running QED iter #292
2023-04-26 10:51:33.228302 ---> running cex validation iter #292
2023-04-26 10:52:11.195607 ---> finish iter #292
2023-04-26 10:52:11.195739 ---> running QED iter #293
2023-04-26 10:52:49.940118 ---> running cex validation iter #293
2023-04-26 10:53:11.626723 ---> finish iter #293
2023-04-26 10:53:11.626812 ---> running QED iter #294
2023-04-26 10:53:52.020472 ---> running cex validation iter #294
2023-04-26 10:54:10.566531 ---> finish iter #294
2023-04-26 10:54:10.566655 ---> running QED iter #295
2023-04-26 10:54:50.791391 ---> running cex validation iter #295
2023-04-26 10:55:17.432712 ---> finish iter #295
2023-04-26 10:55:17.432818 ---> running QED iter #296
2023-04-26 10:55:57.387374 ---> running cex validation iter #296
2023-04-26 10:56:51.032525 ---> finish iter #296
2023-04-26 10:56:51.032617 ---> running QED iter #297
2023-04-26 10:57:32.739910 ---> running cex validation iter #297
2023-04-26 10:58:02.511972 ---> finish iter #297
2023-04-26 10:58:02.512088 ---> running QED iter #298
2023-04-26 10:58:43.892566 ---> running cex validation iter #298
2023-04-26 10:59:19.083290 ---> finish iter #298
2023-04-26 10:59:19.083422 ---> running QED iter #299
2023-04-26 11:00:00.555602 ---> running cex validation iter #299
2023-04-26 11:00:56.268583 ---> finish iter #299
2023-04-26 11:00:56.268673 ---> running QED iter #300
2023-04-26 11:01:36.060644 ---> running cex validation iter #300
2023-04-26 11:02:10.172128 ---> finish iter #300
2023-04-26 11:02:10.172236 ---> running QED iter #301
2023-04-26 11:02:50.250105 ---> running cex validation iter #301
2023-04-26 11:03:45.766953 ---> finish iter #301
2023-04-26 11:03:45.767096 ---> running QED iter #302
2023-04-26 11:04:25.299246 ---> running cex validation iter #302
2023-04-26 11:04:52.276421 ---> finish iter #302
2023-04-26 11:04:52.276541 ---> running QED iter #303
2023-04-26 11:05:31.976021 ---> running cex validation iter #303
2023-04-26 11:06:26.622485 ---> finish iter #303
2023-04-26 11:06:26.622574 ---> running QED iter #304
2023-04-26 11:07:06.436145 ---> running cex validation iter #304
2023-04-26 11:07:59.584466 ---> finish iter #304
2023-04-26 11:07:59.584601 ---> running QED iter #305
2023-04-26 11:08:39.687770 ---> running cex validation iter #305
2023-04-26 11:09:13.429957 ---> finish iter #305
2023-04-26 11:09:13.430092 ---> running QED iter #306
2023-04-26 11:09:54.136799 ---> running cex validation iter #306
2023-04-26 11:10:26.114299 ---> finish iter #306
2023-04-26 11:10:26.114382 ---> running QED iter #307
2023-04-26 11:11:04.751285 ---> running cex validation iter #307
2023-04-26 11:11:37.931907 ---> finish iter #307
2023-04-26 11:11:37.932045 ---> running QED iter #308
2023-04-26 11:12:17.844017 ---> running cex validation iter #308
2023-04-26 11:12:50.250441 ---> finish iter #308
2023-04-26 11:12:50.250575 ---> running QED iter #309
2023-04-26 11:13:29.752314 ---> running cex validation iter #309
2023-04-26 11:14:04.220784 ---> finish iter #309
2023-04-26 11:14:04.220925 ---> running QED iter #310
2023-04-26 11:14:43.640712 ---> running cex validation iter #310
2023-04-26 11:15:18.127721 ---> finish iter #310
2023-04-26 11:15:18.127842 ---> running QED iter #311
2023-04-26 11:15:57.815365 ---> running cex validation iter #311
2023-04-26 11:16:29.704188 ---> finish iter #311
2023-04-26 11:16:29.704316 ---> running QED iter #312
2023-04-26 11:17:11.311111 ---> running cex validation iter #312
2023-04-26 11:17:38.300858 ---> finish iter #312
2023-04-26 11:17:38.300977 ---> running QED iter #313
2023-04-26 11:18:17.547472 ---> running cex validation iter #313
2023-04-26 11:18:49.716322 ---> finish iter #313
2023-04-26 11:18:49.716439 ---> running QED iter #314
2023-04-26 11:19:30.883149 ---> running cex validation iter #314
2023-04-26 11:20:13.124792 ---> finish iter #314
2023-04-26 11:20:13.124908 ---> running QED iter #315
2023-04-26 11:20:53.537846 ---> running cex validation iter #315
2023-04-26 11:21:19.597100 ---> finish iter #315
2023-04-26 11:21:19.597217 ---> running QED iter #316
2023-04-26 11:21:59.219521 ---> running cex validation iter #316
2023-04-26 11:22:31.992545 ---> finish iter #316
2023-04-26 11:22:31.992665 ---> running QED iter #317
2023-04-26 11:23:11.000568 ---> running cex validation iter #317
2023-04-26 11:23:42.748272 ---> finish iter #317
2023-04-26 11:23:42.748405 ---> running QED iter #318
2023-04-26 11:24:22.531969 ---> running cex validation iter #318
2023-04-26 11:25:09.560029 ---> finish iter #318
2023-04-26 11:25:09.560179 ---> running QED iter #319
2023-04-26 11:25:49.412984 ---> running cex validation iter #319
2023-04-26 11:26:21.771003 ---> finish iter #319
2023-04-26 11:26:21.771125 ---> running QED iter #320
2023-04-26 11:27:01.803351 ---> running cex validation iter #320
2023-04-26 11:27:29.373549 ---> finish iter #320
2023-04-26 11:27:29.373687 ---> running QED iter #321
2023-04-26 11:28:10.140845 ---> running cex validation iter #321
2023-04-26 11:28:42.712305 ---> finish iter #321
2023-04-26 11:28:42.712425 ---> running QED iter #322
2023-04-26 11:29:21.432067 ---> running cex validation iter #322
2023-04-26 11:29:53.245951 ---> finish iter #322
2023-04-26 11:29:53.246067 ---> running QED iter #323
2023-04-26 11:30:32.400551 ---> running cex validation iter #323
2023-04-26 11:30:59.338764 ---> finish iter #323
2023-04-26 11:30:59.338881 ---> running QED iter #324
2023-04-26 11:31:39.195629 ---> running cex validation iter #324
2023-04-26 11:32:14.210252 ---> finish iter #324
2023-04-26 11:32:14.210372 ---> running QED iter #325
2023-04-26 11:32:54.241369 ---> running cex validation iter #325
2023-04-26 11:33:37.549342 ---> finish iter #325
2023-04-26 11:33:37.549474 ---> running QED iter #326
2023-04-26 11:34:18.195711 ---> running cex validation iter #326
2023-04-26 11:34:50.867737 ---> finish iter #326
2023-04-26 11:34:50.867857 ---> running QED iter #327
2023-04-26 11:35:30.037062 ---> running cex validation iter #327
2023-04-26 11:36:11.977700 ---> finish iter #327
2023-04-26 11:36:11.977830 ---> running QED iter #328
2023-04-26 11:36:51.655509 ---> running cex validation iter #328
2023-04-26 11:38:52.934076 ---> finish iter #328
2023-04-26 11:38:52.934204 ---> running QED iter #329
2023-04-26 11:39:33.783494 ---> running cex validation iter #329
2023-04-26 11:41:10.066242 ---> finish iter #329
2023-04-26 11:41:10.066382 ---> running QED iter #330
2023-04-26 11:41:50.361553 ---> running cex validation iter #330
2023-04-26 11:41:58.076909 ---> finish iter #330
2023-04-26 11:41:58.076994 ---> running QED iter #331
2023-04-26 11:42:37.784615 ---> running cex validation iter #331
2023-04-26 11:43:14.589804 ---> finish iter #331
2023-04-26 11:43:14.589923 ---> running QED iter #332
2023-04-26 11:43:54.252603 ---> running cex validation iter #332
2023-04-26 11:43:55.131665 ---> finish iter #332
2023-04-26 11:43:55.131789 ---> running QED iter #333
2023-04-26 11:44:35.092844 ---> running cex validation iter #333
2023-04-26 11:46:33.369884 ---> finish iter #333
2023-04-26 11:46:33.370022 ---> running QED iter #334
2023-04-26 11:47:12.464315 ---> running cex validation iter #334
2023-04-26 11:49:54.742851 ---> finish iter #334
2023-04-26 11:49:54.742946 ---> running QED iter #335
2023-04-26 11:50:36.047965 ---> running cex validation iter #335
2023-04-26 11:53:18.016725 ---> finish iter #335
2023-04-26 11:53:18.016840 ---> running QED iter #336
2023-04-26 11:53:57.339647 ---> running cex validation iter #336
2023-04-26 11:56:34.223118 ---> finish iter #336
2023-04-26 11:56:34.223199 ---> running QED iter #337
2023-04-26 11:57:14.346990 ---> running cex validation iter #337
2023-04-26 11:59:51.240931 ---> finish iter #337
2023-04-26 11:59:51.241075 ---> running QED iter #338
2023-04-26 12:00:31.031704 ---> running cex validation iter #338
2023-04-26 12:03:59.701182 ---> finish iter #338
2023-04-26 12:03:59.701315 ---> running QED iter #339
2023-04-26 12:04:39.924747 ---> running cex validation iter #339
2023-04-26 12:06:33.657742 ---> finish iter #339
2023-04-26 12:06:33.657879 ---> running QED iter #340
2023-04-26 12:07:12.948202 ---> running cex validation iter #340
2023-04-26 12:09:06.079425 ---> finish iter #340
2023-04-26 12:09:06.079560 ---> running QED iter #341
2023-04-26 12:09:44.648376 ---> running cex validation iter #341
2023-04-26 12:13:33.788808 ---> finish iter #341
2023-04-26 12:13:33.788938 ---> running QED iter #342
2023-04-26 12:14:13.222994 ---> running cex validation iter #342
2023-04-26 12:15:23.673487 ---> finish iter #342
2023-04-26 12:15:23.673628 ---> running QED iter #343
2023-04-26 12:16:02.797102 ---> running cex validation iter #343
2023-04-26 12:17:12.723563 ---> finish iter #343
2023-04-26 12:17:12.723698 ---> running QED iter #344
2023-04-26 12:17:52.215433 ---> running cex validation iter #344
2023-04-26 12:21:40.978309 ---> finish iter #344
2023-04-26 12:21:40.978425 ---> running QED iter #345
2023-04-26 12:22:19.728631 ---> running cex validation iter #345
2023-04-26 12:23:29.806609 ---> finish iter #345
2023-04-26 12:23:29.806719 ---> running QED iter #346
2023-04-26 12:24:09.340879 ---> running cex validation iter #346
2023-04-26 12:25:19.554365 ---> finish iter #346
2023-04-26 12:25:19.554479 ---> running QED iter #347
2023-04-26 12:25:59.326113 ---> running cex validation iter #347
2023-04-26 12:27:13.250878 ---> finish iter #347
2023-04-26 12:27:13.250998 ---> running QED iter #348
2023-04-26 12:27:56.128166 ---> running cex validation iter #348
2023-04-26 12:29:08.173676 ---> finish iter #348
2023-04-26 12:29:08.173784 ---> running QED iter #349
2023-04-26 12:29:48.992500 ---> running cex validation iter #349
2023-04-26 12:32:54.725097 ---> running QED iter #349
2023-04-26 12:33:34.327673 ---> running cex validation iter #349
2023-04-26 12:37:27.888396 ---> finish iter #349
2023-04-26 12:37:27.888532 ---> running QED iter #350
2023-04-26 12:38:08.095109 ---> running cex validation iter #350
2023-04-26 12:39:18.506935 ---> finish iter #350
2023-04-26 12:39:18.507055 ---> running QED iter #351
2023-04-26 12:39:57.848639 ---> running cex validation iter #351
2023-04-26 12:41:59.362394 ---> running QED iter #351
2023-04-26 12:42:40.467056 ---> running cex validation iter #351
2023-04-26 12:46:37.420250 ---> finish iter #351
2023-04-26 12:46:37.420372 ---> running QED iter #352
2023-04-26 12:47:19.212077 ---> running cex validation iter #352
2023-04-26 12:49:05.805243 ---> finish iter #352
2023-04-26 12:49:05.805365 ---> running QED iter #353
2023-04-26 12:49:45.491759 ---> running cex validation iter #353
2023-04-26 12:50:57.610055 ---> finish iter #353
2023-04-26 12:50:57.610201 ---> running QED iter #354
2023-04-26 12:51:37.991978 ---> running cex validation iter #354
2023-04-26 12:53:55.825118 ---> finish iter #354
2023-04-26 12:53:55.825236 ---> running QED iter #355
2023-04-26 12:54:36.128308 ---> running cex validation iter #355
2023-04-26 12:59:35.123539 ---> finish iter #355
2023-04-26 12:59:35.123669 ---> running QED iter #356
2023-04-26 13:00:17.136170 ---> running cex validation iter #356
2023-04-26 13:03:11.003291 ---> finish iter #356
2023-04-26 13:03:11.003430 ---> running QED iter #357
2023-04-26 13:03:53.024314 ---> running cex validation iter #357
2023-04-26 13:06:01.938829 ---> finish iter #357
2023-04-26 13:06:01.938952 ---> running QED iter #358
2023-04-26 13:06:43.397009 ---> running cex validation iter #358
2023-04-26 13:09:47.473843 ---> finish iter #358
2023-04-26 13:09:47.473970 ---> running QED iter #359
2023-04-26 13:10:29.840262 ---> running cex validation iter #359
2023-04-26 13:10:53.510840 ---> finish iter #359
2023-04-26 13:10:53.510972 ---> running QED iter #360
2023-04-26 13:11:35.116847 ---> running cex validation iter #360
2023-04-26 13:12:29.505378 ---> finish iter #360
2023-04-26 13:12:29.505495 ---> running QED iter #361
2023-04-26 13:13:11.469033 ---> running cex validation iter #361
2023-04-26 13:13:44.398136 ---> finish iter #361
2023-04-26 13:13:44.398267 ---> running QED iter #362
2023-04-26 13:14:26.805559 ---> running cex validation iter #362
2023-04-26 13:15:10.825034 ---> finish iter #362
2023-04-26 13:15:10.825168 ---> running QED iter #363
2023-04-26 13:15:55.171398 ---> running cex validation iter #363
2023-04-26 13:16:47.690004 ---> finish iter #363
2023-04-26 13:16:47.690143 ---> running QED iter #364
2023-04-26 13:17:31.919232 ---> running cex validation iter #364
2023-04-26 13:18:05.441984 ---> finish iter #364
2023-04-26 13:18:05.442094 ---> running QED iter #365
2023-04-26 13:18:49.546747 ---> running cex validation iter #365
2023-04-26 13:19:22.260499 ---> finish iter #365
2023-04-26 13:19:22.260743 ---> running QED iter #366
2023-04-26 13:20:07.425316 ---> running cex validation iter #366
2023-04-26 13:21:21.666436 ---> finish iter #366
2023-04-26 13:21:21.666520 ---> running QED iter #367
2023-04-26 13:22:06.364904 ---> running cex validation iter #367
2023-04-26 13:22:07.439995 ---> finish iter #367
2023-04-26 13:22:07.440133 ---> running QED iter #368
2023-04-26 13:22:52.631728 ---> running cex validation iter #368
2023-04-26 13:24:01.770711 ---> finish iter #368
2023-04-26 13:24:01.770844 ---> running QED iter #369
2023-04-26 13:24:48.564033 ---> running cex validation iter #369
2023-04-26 13:24:49.445678 ---> finish iter #369
2023-04-26 13:24:49.445792 ---> running QED iter #370
2023-04-26 13:25:34.940458 ---> running cex validation iter #370
2023-04-26 13:25:36.705116 ---> finish iter #370
2023-04-26 13:25:36.705237 ---> running QED iter #371
2023-04-26 13:26:22.472086 ---> running cex validation iter #371
2023-04-26 13:26:23.943021 ---> finish iter #371
2023-04-26 13:26:23.943143 ---> running QED iter #372
2023-04-26 13:27:09.132663 ---> running cex validation iter #372
2023-04-26 13:27:09.834275 ---> finish iter #372
2023-04-26 13:27:09.834394 ---> running QED iter #373
2023-04-26 13:27:55.200182 ---> running cex validation iter #373
2023-04-26 13:27:56.073831 ---> finish iter #373
2023-04-26 13:27:56.073937 ---> running QED iter #374
2023-04-26 13:28:42.243362 ---> running cex validation iter #374
2023-04-26 13:28:43.708865 ---> finish iter #374
2023-04-26 13:28:43.708986 ---> running QED iter #375
2023-04-26 13:29:29.782232 ---> running cex validation iter #375
2023-04-26 13:29:30.691840 ---> finish iter #375
2023-04-26 13:29:30.691969 ---> running QED iter #376
2023-04-26 13:30:15.647648 ---> running cex validation iter #376
2023-04-26 13:30:16.722578 ---> finish iter #376
2023-04-26 13:30:16.722684 ---> running QED iter #377
2023-04-26 13:31:02.260117 ---> running cex validation iter #377
2023-04-26 13:31:02.878513 ---> finish iter #377
2023-04-26 13:31:02.878630 ---> running QED iter #378
2023-04-26 13:31:49.224460 ---> running cex validation iter #378
2023-04-26 13:31:50.434841 ---> finish iter #378
2023-04-26 13:31:50.434948 ---> running QED iter #379
2023-04-26 13:32:36.088830 ---> running cex validation iter #379
2023-04-26 13:32:36.956826 ---> finish iter #379
2023-04-26 13:32:36.956935 ---> running QED iter #380
2023-04-26 13:33:22.284188 ---> running cex validation iter #380
2023-04-26 13:33:22.913653 ---> finish iter #380
2023-04-26 13:33:22.913761 ---> running QED iter #381
2023-04-26 13:34:09.715456 ---> running cex validation iter #381
2023-04-26 13:34:10.390610 ---> finish iter #381
2023-04-26 13:34:10.390729 ---> running QED iter #382
2023-04-26 13:34:56.397242 ---> running cex validation iter #382
2023-04-26 13:35:57.013091 ---> finish iter #382
2023-04-26 13:35:57.013220 ---> running QED iter #383
2023-04-26 13:36:43.404969 ---> running cex validation iter #383
2023-04-26 13:37:57.751140 ---> finish iter #383
2023-04-26 13:37:57.751298 ---> running QED iter #384
2023-04-26 13:38:44.001322 ---> running cex validation iter #384
2023-04-26 13:39:20.926476 ---> finish iter #384
2023-04-26 13:39:20.926597 ---> running QED iter #385
2023-04-26 13:40:08.932761 ---> running cex validation iter #385
2023-04-26 13:40:09.691289 ---> finish iter #385
2023-04-26 13:40:09.691410 ---> running QED iter #386
2023-04-26 13:40:55.119345 ---> running cex validation iter #386
2023-04-26 13:41:31.028572 ---> finish iter #386
2023-04-26 13:41:31.028697 ---> running QED iter #387
2023-04-26 13:42:17.598584 ---> running cex validation iter #387
2023-04-26 13:42:50.531645 ---> finish iter #387
2023-04-26 13:42:50.531778 ---> running QED iter #388
2023-04-26 13:43:37.320395 ---> running cex validation iter #388
2023-04-26 13:44:20.442533 ---> finish iter #388
2023-04-26 13:44:20.442620 ---> running QED iter #389
2023-04-26 13:45:06.208743 ---> running cex validation iter #389
2023-04-26 13:46:18.056773 ---> finish iter #389
2023-04-26 13:46:18.056903 ---> running QED iter #390
2023-04-26 13:47:05.984365 ---> running cex validation iter #390
2023-04-26 13:50:46.985005 ---> finish iter #390
2023-04-26 13:50:46.985127 ---> running QED iter #391
2023-04-26 13:51:32.508771 ---> running cex validation iter #391
2023-04-26 13:51:47.544263 ---> finish iter #391
2023-04-26 13:51:47.544389 ---> running QED iter #392
2023-04-26 13:52:33.238832 ---> running cex validation iter #392
2023-04-26 13:58:40.288928 ---> finish iter #392
2023-04-26 13:58:40.289072 ---> running QED iter #393
2023-04-26 13:59:29.775898 ---> running cex validation iter #393
2023-04-26 13:59:31.776210 ---> finish iter #393
2023-04-26 13:59:31.776344 ---> running QED iter #394
2023-04-26 14:00:19.711457 ---> running cex validation iter #394
2023-04-26 14:01:02.633694 ---> finish iter #394
2023-04-26 14:01:02.633831 ---> running QED iter #395
2023-04-26 14:01:51.665104 ---> running cex validation iter #395
2023-04-26 14:01:52.648448 ---> finish iter #395
2023-04-26 14:01:52.648570 ---> running QED iter #396
2023-04-26 14:02:40.544260 ---> running cex validation iter #396
2023-04-26 14:05:29.845434 ---> finish iter #396
2023-04-26 14:05:29.845521 ---> running QED iter #397
2023-04-26 14:06:18.168919 ---> running cex validation iter #397
2023-04-26 14:08:11.125708 ---> finish iter #397
2023-04-26 14:08:11.125848 ---> running QED iter #398
2023-04-26 14:08:59.396106 ---> running cex validation iter #398
2023-04-26 14:09:17.232467 ---> finish iter #398
2023-04-26 14:09:17.232593 ---> running QED iter #399
2023-04-26 14:10:07.888207 ---> running cex validation iter #399
2023-04-26 14:20:49.702546 ---> finish iter #399
2023-04-26 14:20:49.702673 ---> running QED iter #400
2023-04-26 14:21:45.147642 ---> running cex validation iter #400
2023-04-26 14:21:46.375197 ---> finish iter #400
2023-04-26 14:21:46.375331 ---> running QED iter #401
2023-04-26 14:22:39.744548 ---> running cex validation iter #401
2023-04-26 14:25:05.332622 ---> finish iter #401
2023-04-26 14:25:05.332741 ---> running QED iter #402
2023-04-26 14:25:59.184809 ---> running cex validation iter #402
2023-04-26 14:30:23.055859 ---> finish iter #402
2023-04-26 14:30:23.056020 ---> running QED iter #403
2023-04-26 14:31:20.188847 ---> running cex validation iter #403
2023-04-26 14:31:52.990012 ---> finish iter #403
2023-04-26 14:31:52.990142 ---> running QED iter #404
2023-04-26 14:32:50.985381 ---> running cex validation iter #404
2023-04-26 14:33:48.212521 ---> finish iter #404
2023-04-26 14:33:48.212641 ---> running QED iter #405
2023-04-26 14:34:45.773434 ---> running cex validation iter #405
2023-04-26 14:34:46.954591 ---> finish iter #405
2023-04-26 14:34:46.954703 ---> running QED iter #406
2023-04-26 14:35:43.532862 ---> running cex validation iter #406
2023-04-26 14:37:54.380236 ---> finish iter #406
2023-04-26 14:37:54.380364 ---> running QED iter #407
2023-04-26 14:38:51.248753 ---> running cex validation iter #407
2023-04-26 14:39:40.997988 ---> finish iter #407
2023-04-26 14:39:40.998127 ---> running QED iter #408
2023-04-26 14:40:39.888294 ---> running cex validation iter #408
2023-04-26 14:41:30.034097 ---> finish iter #408
2023-04-26 14:41:30.034230 ---> running QED iter #409
2023-04-26 14:42:30.611385 ---> running cex validation iter #409
2023-04-26 14:47:26.686168 ---> finish iter #409
2023-04-26 14:47:26.686298 ---> running QED iter #410
2023-04-26 14:48:26.275566 ---> running cex validation iter #410
2023-04-26 14:48:42.512189 ---> finish iter #410
2023-04-26 14:48:42.512322 ---> running QED iter #411
2023-04-26 14:49:44.024014 ---> running cex validation iter #411
2023-04-26 14:49:44.963004 ---> finish iter #411
2023-04-26 14:49:44.963130 ---> running QED iter #412
2023-04-26 14:50:45.257391 ---> running cex validation iter #412
2023-04-26 14:50:46.646171 ---> finish iter #412
2023-04-26 14:50:46.646300 ---> running QED iter #413
2023-04-26 14:51:46.759773 ---> running cex validation iter #413
2023-04-26 14:51:48.467416 ---> finish iter #413
2023-04-26 14:51:48.467529 ---> running QED iter #414
2023-04-26 14:52:49.835535 ---> running cex validation iter #414
2023-04-26 14:52:50.952242 ---> finish iter #414
2023-04-26 14:52:50.952349 ---> running QED iter #415
2023-04-26 14:53:49.789029 ---> running cex validation iter #415
2023-04-26 14:53:51.728026 ---> finish iter #415
2023-04-26 14:53:51.728151 ---> running QED iter #416
2023-04-26 14:54:51.636577 ---> running cex validation iter #416
2023-04-26 14:54:52.947925 ---> finish iter #416
2023-04-26 14:54:52.948051 ---> running QED iter #417
2023-04-26 14:55:54.722832 ---> running cex validation iter #417
2023-04-26 14:55:55.836981 ---> finish iter #417
2023-04-26 14:55:55.837087 ---> running QED iter #418
2023-04-26 14:56:57.135512 ---> running cex validation iter #418
2023-04-26 14:56:58.286134 ---> finish iter #418
2023-04-26 14:56:58.286243 ---> running QED iter #419
2023-04-26 14:57:58.861286 ---> running cex validation iter #419
2023-04-26 14:58:41.305506 ---> finish iter #419
2023-04-26 14:58:41.305624 ---> running QED iter #420
2023-04-26 14:59:42.991367 ---> running cex validation iter #420
2023-04-26 15:00:28.195334 ---> finish iter #420
2023-04-26 15:00:28.195451 ---> running QED iter #421
2023-04-26 15:01:29.543860 ---> running cex validation iter #421
2023-04-26 15:02:15.021506 ---> finish iter #421
2023-04-26 15:02:15.021641 ---> running QED iter #422
2023-04-26 15:03:16.732205 ---> running cex validation iter #422
2023-04-26 15:03:17.921447 ---> finish iter #422
2023-04-26 15:03:17.921573 ---> running QED iter #423
2023-04-26 15:04:18.032598 ---> running cex validation iter #423
2023-04-26 15:04:48.784827 ---> finish iter #423
2023-04-26 15:04:48.784958 ---> running QED iter #424
2023-04-26 15:05:48.920892 ---> running cex validation iter #424
2023-04-26 15:06:24.524026 ---> finish iter #424
2023-04-26 15:06:24.524140 ---> running QED iter #425
2023-04-26 15:07:24.272441 ---> running cex validation iter #425
2023-04-26 15:07:41.595227 ---> finish iter #425
2023-04-26 15:07:41.595356 ---> running QED iter #426
2023-04-26 15:08:44.905116 ---> running cex validation iter #426
2023-04-26 15:08:54.308076 ---> finish iter #426
2023-04-26 15:08:54.308207 ---> running QED iter #427
2023-04-26 15:09:56.649021 ---> running cex validation iter #427
2023-04-26 15:12:37.712388 ---> finish iter #427
2023-04-26 15:12:37.712525 ---> running QED iter #428
2023-04-26 15:13:39.628368 ---> running cex validation iter #428
2023-04-26 15:14:34.661528 ---> finish iter #428
2023-04-26 15:14:34.661649 ---> running QED iter #429
2023-04-26 15:15:39.644347 ---> running cex validation iter #429
2023-04-26 15:16:51.329697 ---> finish iter #429
2023-04-26 15:16:51.329828 ---> running QED iter #430
2023-04-26 15:17:58.256507 ---> running cex validation iter #430
2023-04-26 15:18:10.930759 ---> finish iter #430
2023-04-26 15:18:10.930878 ---> running QED iter #431
2023-04-26 15:19:16.855973 ---> running cex validation iter #431
2023-04-26 15:19:31.574065 ---> finish iter #431
2023-04-26 15:19:31.574195 ---> running QED iter #432
2023-04-26 15:20:39.572684 ---> running cex validation iter #432
2023-04-26 15:22:33.057566 ---> finish iter #432
2023-04-26 15:22:33.057692 ---> running QED iter #433
2023-04-26 15:23:40.734635 ---> running cex validation iter #433
2023-04-26 15:25:03.571900 ---> finish iter #433
2023-04-26 15:25:03.572038 ---> running QED iter #434
2023-04-26 15:26:14.875155 ---> running cex validation iter #434
2023-04-26 15:26:33.921301 ---> finish iter #434
2023-04-26 15:26:33.921412 ---> running QED iter #435
2023-04-26 15:27:45.015926 ---> running cex validation iter #435
2023-04-26 15:27:57.585475 ---> finish iter #435
2023-04-26 15:27:57.585593 ---> running QED iter #436
2023-04-26 15:29:12.976860 ---> running cex validation iter #436
2023-04-26 15:29:25.574876 ---> finish iter #436
2023-04-26 15:29:25.574997 ---> running QED iter #437
2023-04-26 15:30:43.171696 ---> running cex validation iter #437
2023-04-26 15:31:01.237517 ---> finish iter #437
2023-04-26 15:31:01.237629 ---> running QED iter #438
2023-04-26 15:32:22.943801 ---> running cex validation iter #438
2023-04-26 15:32:34.680605 ---> finish iter #438
2023-04-26 15:32:34.680731 ---> running QED iter #439
2023-04-26 15:33:53.932243 ---> running cex validation iter #439
2023-04-26 15:34:06.127803 ---> finish iter #439
2023-04-26 15:34:06.127922 ---> running QED iter #440
2023-04-26 15:35:28.294731 ---> running cex validation iter #440
2023-04-26 15:35:32.399919 ---> finish iter #440
2023-04-26 15:35:32.400050 ---> running QED iter #441
2023-04-26 15:36:43.704789 ---> running cex validation iter #441
2023-04-26 15:36:48.199307 ---> finish iter #441
2023-04-26 15:36:48.199427 ---> running QED iter #442
2023-04-26 15:38:06.927341 ---> running cex validation iter #442
2023-04-26 15:38:12.652843 ---> finish iter #442
2023-04-26 15:38:12.652972 ---> running QED iter #443
2023-04-26 15:39:28.455277 ---> running cex validation iter #443
2023-04-26 15:40:37.674026 ---> finish iter #443
2023-04-26 15:40:37.674160 ---> running QED iter #444
2023-04-26 15:41:57.156410 ---> running cex validation iter #444
2023-04-26 15:42:10.802278 ---> finish iter #444
2023-04-26 15:42:10.802391 ---> running QED iter #445
2023-04-26 15:43:30.032903 ---> running cex validation iter #445
2023-04-26 15:43:43.230133 ---> finish iter #445
2023-04-26 15:43:43.230270 ---> running QED iter #446
2023-04-26 15:45:06.299890 ---> running cex validation iter #446
2023-04-26 15:45:45.548800 ---> finish iter #446
2023-04-26 15:45:45.548881 ---> running QED iter #447
2023-04-26 15:47:13.707890 ---> running cex validation iter #447
2023-04-26 15:48:45.787282 ---> finish iter #447
2023-04-26 15:48:45.787410 ---> running QED iter #448
2023-04-26 15:50:13.744100 ---> running cex validation iter #448
2023-04-26 15:52:20.108608 ---> finish iter #448
2023-04-26 15:52:20.108749 ---> running QED iter #449
2023-04-26 15:53:53.473335 ---> running cex validation iter #449
2023-04-26 15:57:33.470733 ---> finish iter #449
2023-04-26 15:57:33.470858 ---> running QED iter #450
2023-04-26 15:59:09.049641 ---> running cex validation iter #450
2023-04-26 15:59:42.969858 ---> running QED iter #0
2023-04-26 16:02:57.557915 ---> running QED iter #0
2023-04-26 16:03:07.738396 ---> cexgen failed.
2023-04-26 16:07:50.602757 ---> running QED iter #0
2023-04-26 16:17:10.516975 ---> running cex validation iter #0
2023-04-26 16:17:14.361844 ---> finish iter #0
2023-04-26 16:18:07.114823 ---> running QED iter #1
2023-04-26 16:18:14.968133 ---> running cex validation iter #1
2023-04-26 16:18:32.400055 ---> finish iter #1
2023-04-26 16:18:44.962540 ---> running QED iter #2
2023-04-26 16:18:53.098429 ---> running cex validation iter #2
2023-04-26 16:19:46.119450 ---> finish iter #2
2023-04-26 16:19:46.119579 ---> running QED iter #3
2023-04-26 16:19:54.907686 ---> running cex validation iter #3
2023-04-26 16:21:46.557237 ---> finish iter #3
2023-04-26 16:21:46.557385 ---> running QED iter #4
2023-04-26 16:21:55.936947 ---> running cex validation iter #4
2023-04-26 16:23:09.530181 ---> finish iter #4
2023-04-26 16:23:09.530315 ---> running QED iter #5
2023-04-26 16:23:22.039955 ---> running cex validation iter #5
2023-04-26 16:24:20.632691 ---> finish iter #5
2023-04-26 16:24:20.632823 ---> running QED iter #6
2023-04-26 16:24:22.656909 ---> cexgen failed.
2023-04-26 17:34:59.406244 ---> running QED iter #6
2023-04-26 17:35:09.340277 ---> running cex validation iter #6
2023-04-26 17:36:15.672900 ---> finish iter #6
2023-04-26 17:36:15.673040 ---> running QED iter #7
2023-04-26 17:36:26.119768 ---> running cex validation iter #7
2023-04-26 17:38:23.092721 ---> finish iter #7
2023-04-26 17:38:23.092847 ---> running QED iter #8
2023-04-26 17:38:35.013202 ---> running cex validation iter #8
2023-04-26 17:39:31.785965 ---> finish iter #8
2023-04-26 17:39:31.786079 ---> running QED iter #9
2023-04-26 17:39:47.121298 ---> running cex validation iter #9
2023-04-26 17:41:04.656631 ---> finish iter #9
2023-04-26 17:41:04.656769 ---> running QED iter #10
2023-04-26 17:41:19.206201 ---> running cex validation iter #10
2023-04-26 17:42:36.856271 ---> finish iter #10
2023-04-26 17:42:36.856393 ---> running QED iter #11
2023-04-26 17:42:49.993008 ---> running cex validation iter #11
2023-04-26 17:44:22.430615 ---> finish iter #11
2023-04-26 17:44:22.430732 ---> running QED iter #12
2023-04-26 17:44:36.742334 ---> running cex validation iter #12
2023-04-26 17:49:27.999462 ---> finish iter #12
2023-04-26 17:49:27.999592 ---> running QED iter #13
2023-04-26 17:49:46.555615 ---> running cex validation iter #13
2023-04-26 17:51:15.551938 ---> finish iter #13
2023-04-26 17:51:15.552060 ---> running QED iter #14
2023-04-26 17:51:36.323214 ---> running cex validation iter #14
2023-04-26 17:52:50.801742 ---> finish iter #14
2023-04-26 17:52:50.801869 ---> running QED iter #15
2023-04-26 17:53:10.299411 ---> running cex validation iter #15
2023-04-26 18:02:10.588477 ---> finish iter #15
2023-04-26 18:02:10.588625 ---> running QED iter #16
2023-04-26 18:02:34.767569 ---> running cex validation iter #16
2023-04-26 18:03:59.934788 ---> finish iter #16
2023-04-26 18:03:59.934928 ---> running QED iter #17
2023-04-26 18:04:24.787645 ---> running cex validation iter #17
2023-04-26 18:05:53.631674 ---> finish iter #17
2023-04-26 18:05:53.631882 ---> running QED iter #18
2023-04-26 18:06:19.608353 ---> running cex validation iter #18
2023-04-26 18:07:39.938745 ---> finish iter #18
2023-04-26 18:07:39.938882 ---> running QED iter #19
2023-04-26 18:08:03.756381 ---> running cex validation iter #19
2023-04-26 18:11:10.930078 ---> finish iter #19
2023-04-26 18:11:10.930227 ---> running QED iter #20
2023-04-26 18:11:40.758936 ---> running cex validation iter #20
2023-04-26 18:12:41.126351 ---> finish iter #20
2023-04-26 18:12:41.126474 ---> running QED iter #21
2023-04-26 18:13:08.131399 ---> running cex validation iter #21
2023-04-26 18:14:01.130405 ---> finish iter #21
2023-04-26 18:14:01.130527 ---> running QED iter #22
2023-04-26 18:14:31.029574 ---> running cex validation iter #22
2023-04-26 18:17:43.720244 ---> finish iter #22
2023-04-26 18:17:43.720371 ---> running QED iter #23
2023-04-26 18:18:17.464207 ---> running cex validation iter #23
2023-04-26 18:22:19.323735 ---> finish iter #23
2023-04-26 18:22:19.323873 ---> running QED iter #24
2023-04-26 18:23:00.505516 ---> running cex validation iter #24
2023-04-26 18:24:25.132704 ---> finish iter #24
2023-04-26 18:24:25.132839 ---> running QED iter #25
2023-04-26 18:25:06.528102 ---> running cex validation iter #25
2023-04-26 18:26:55.966468 ---> finish iter #25
2023-04-26 18:26:55.966555 ---> running QED iter #26
2023-04-26 18:27:39.915001 ---> running cex validation iter #26
2023-04-26 18:28:56.979589 ---> finish iter #26
2023-04-26 18:28:56.979704 ---> running QED iter #27
2023-04-26 18:29:40.756359 ---> running cex validation iter #27
2023-04-26 18:31:22.676617 ---> finish iter #27
2023-04-26 18:31:22.676712 ---> running QED iter #28
2023-04-26 18:32:11.891791 ---> running cex validation iter #28
2023-04-26 18:33:36.249686 ---> finish iter #28
2023-04-26 18:33:36.249810 ---> running QED iter #29
2023-04-26 18:34:23.527509 ---> running cex validation iter #29
2023-04-26 18:37:51.386070 ---> finish iter #29
2023-04-26 18:37:51.386163 ---> running QED iter #30
2023-04-26 18:38:47.982578 ---> running cex validation iter #30
2023-04-26 18:40:36.400656 ---> finish iter #30
2023-04-26 18:40:36.400792 ---> running QED iter #31
2023-04-26 18:41:35.687600 ---> running cex validation iter #31
2023-04-26 18:44:02.997359 ---> finish iter #31
2023-04-26 18:44:02.997473 ---> running QED iter #32
2023-04-26 18:45:00.922841 ---> running cex validation iter #32
2023-04-27 17:39:26.916452 ---> envinv size is strange! 968045 ---> 968045
2023-04-27 18:47:35.970957 ---> running cex validation iter #32
2023-04-27 18:48:27.453131 ---> envinv size is strange! 968045 ---> 968045
2023-04-27 21:33:28.813522 ---> running cex validation iter #32
2023-04-27 21:34:19.247001 ---> envinv size is strange! 968045 ---> 968045
2023-04-27 22:14:12.707092 ---> running cex validation iter #32
2023-04-27 23:41:16.519015 ---> envinv size is strange! 968045 ---> 968045
2023-05-24 10:09:23.449272 ---> running cex validation iter #32
2023-05-24 10:20:56.114247 ---> running cex validation iter #32
2023-05-24 10:27:48.962232 ---> running cex validation iter #32
2023-05-24 10:28:38.305101 ---> running cex validation iter #32
2023-05-24 10:32:57.899886 ---> finish iter #32
2023-05-24 10:39:56.858182 ---> running cex validation iter #33
2023-05-24 10:45:23.837945 ---> finish iter #33
2023-05-24 10:54:52.266188 ---> running cex validation iter #34
2023-05-24 10:55:54.900221 ---> finish iter #34
2023-05-24 10:56:47.305001 ---> running QED iter #35
2023-05-24 10:57:59.238553 ---> running cex validation iter #35
2023-05-24 10:58:47.101435 ---> finish iter #35
2023-05-24 10:58:47.101569 ---> running QED iter #36
2023-05-24 10:59:59.832073 ---> running cex validation iter #36
2023-05-24 11:00:38.749362 ---> finish iter #36
2023-05-24 11:00:38.749479 ---> running QED iter #37
2023-05-24 11:01:51.838951 ---> running cex validation iter #37
2023-05-24 11:02:38.292614 ---> finish iter #37
2023-05-24 11:02:38.292760 ---> running QED iter #38
2023-05-24 11:03:57.078404 ---> running cex validation iter #38
2023-05-24 11:05:29.697082 ---> finish iter #38
2023-05-24 11:05:29.697180 ---> running QED iter #39
2023-05-24 11:15:03.364461 ---> cexgen produced unexpected result:unknown

2023-05-24 11:18:03.994522 ---> running QED iter #39
2023-05-24 12:45:21.423444 ---> cexgen produced unexpected result:unknown

